INFO:botocore.credentials:Found credentials in shared credentials file: ~/.aws/credentials
WARNING:root:added object 97a457de-8046-4c0c-bd4e-b27c464771d7 to dynamo table
WARNING:root:added object b73318be-8653-4918-b22a-c6cfbdcec0ce to dynamo table
WARNING:root:added object dba4d768-8889-4635-9713-3d47b3fe1894 to dynamo table
WARNING:root:added object 34525da5-7acf-4a39-bfeb-c0cf775f4598 to dynamo table
WARNING:root:added object 13602ee8-ad37-434e-b581-50aad0bb5ca7 to dynamo table
WARNING:root:added object 7f351466-211e-4df3-ae9f-84e2d0b3b501 to dynamo table
WARNING:root:added object df6b6659-ce30-4d1e-a4ed-90cb0de312fe to dynamo table
WARNING:root:added object 37bbba16-74d5-4d7d-bb80-dfdffd432f9b to dynamo table
WARNING:root:added object aae08745-650c-4b60-b00d-9f842d2bd61f to dynamo table
WARNING:root:added object 821c29b3-604c-4e08-83ef-92c900ba9a9b to dynamo table
WARNING:root:added object 22e0569f-09f7-4304-92b2-19e784837cb0 to dynamo table
WARNING:root:added object ceb0dd92-2c64-467c-b4d0-ee8d576d08f6 to dynamo table
WARNING:root:added object c9f9841b-e04e-44fd-aaca-3d306c7e5791 to dynamo table
WARNING:root:added object 6ed45dad-f2fb-4c3c-b6a5-68418d0d10de to dynamo table
WARNING:root:added object 6849a629-1791-4972-9faf-2543a2562081 to dynamo table
WARNING:root:added object e3e0c276-e6f5-4521-b2bd-f5a923ee355b to dynamo table
WARNING:root:added object 90763c23-e4ab-4151-8f69-59ec4bd0fb6a to dynamo table
WARNING:root:added object 28f9e4df-3b4a-42bd-a548-8a4a35b10ab8 to dynamo table
WARNING:root:added object 1e9a4917-f43f-46e6-aaf0-db33a32c0b46 to dynamo table
WARNING:root:added object a3d40e7e-624b-4ee4-962b-6b72e1d71b6f to dynamo table
WARNING:root:added object f11da2d7-4ab7-4416-911d-16315478b0e5 to dynamo table
WARNING:root:added object 97a457de-8046-4c0c-bd4e-b27c464771d7 to dynamo table
INFO:botocore.credentials:Found credentials in shared credentials file: ~/.aws/credentials
INFO:botocore.credentials:Found credentials in shared credentials file: ~/.aws/credentials
WARNING:root:added object 97a457de-8046-4c0c-bd4e-b27c464771d7 to dynamo table
WARNING:root:added object b73318be-8653-4918-b22a-c6cfbdcec0ce to dynamo table
WARNING:root:added object dba4d768-8889-4635-9713-3d47b3fe1894 to dynamo table
WARNING:root:added object 34525da5-7acf-4a39-bfeb-c0cf775f4598 to dynamo table
WARNING:root:added object 13602ee8-ad37-434e-b581-50aad0bb5ca7 to dynamo table
WARNING:root:added object 7f351466-211e-4df3-ae9f-84e2d0b3b501 to dynamo table
WARNING:root:added object df6b6659-ce30-4d1e-a4ed-90cb0de312fe to dynamo table
WARNING:root:added object 37bbba16-74d5-4d7d-bb80-dfdffd432f9b to dynamo table
WARNING:root:added object aae08745-650c-4b60-b00d-9f842d2bd61f to dynamo table
WARNING:root:added object 821c29b3-604c-4e08-83ef-92c900ba9a9b to dynamo table
WARNING:root:added object 22e0569f-09f7-4304-92b2-19e784837cb0 to dynamo table
WARNING:root:added object ceb0dd92-2c64-467c-b4d0-ee8d576d08f6 to dynamo table
WARNING:root:added object c9f9841b-e04e-44fd-aaca-3d306c7e5791 to dynamo table
WARNING:root:added object 6ed45dad-f2fb-4c3c-b6a5-68418d0d10de to dynamo table
WARNING:root:added object 6849a629-1791-4972-9faf-2543a2562081 to dynamo table
WARNING:root:added object e3e0c276-e6f5-4521-b2bd-f5a923ee355b to dynamo table
WARNING:root:added object 90763c23-e4ab-4151-8f69-59ec4bd0fb6a to dynamo table
WARNING:root:added object 28f9e4df-3b4a-42bd-a548-8a4a35b10ab8 to dynamo table
WARNING:root:added object 1e9a4917-f43f-46e6-aaf0-db33a32c0b46 to dynamo table
WARNING:root:added object a3d40e7e-624b-4ee4-962b-6b72e1d71b6f to dynamo table
WARNING:root:added object f11da2d7-4ab7-4416-911d-16315478b0e5 to dynamo table
WARNING:root:added object 97a457de-8046-4c0c-bd4e-b27c464771d7 to dynamo table
INFO:botocore.credentials:Found credentials in shared credentials file: ~/.aws/credentials
INFO:botocore.credentials:Found credentials in shared credentials file: ~/.aws/credentials
WARNING:root:added object 97a457de-8046-4c0c-bd4e-b27c464771d7 to dynamo table
WARNING:root:added object b73318be-8653-4918-b22a-c6cfbdcec0ce to dynamo table
WARNING:root:added object dba4d768-8889-4635-9713-3d47b3fe1894 to dynamo table
WARNING:root:added object 34525da5-7acf-4a39-bfeb-c0cf775f4598 to dynamo table
WARNING:root:added object 13602ee8-ad37-434e-b581-50aad0bb5ca7 to dynamo table
WARNING:root:added object 7f351466-211e-4df3-ae9f-84e2d0b3b501 to dynamo table
WARNING:root:added object df6b6659-ce30-4d1e-a4ed-90cb0de312fe to dynamo table
WARNING:root:added object 37bbba16-74d5-4d7d-bb80-dfdffd432f9b to dynamo table
WARNING:root:added object aae08745-650c-4b60-b00d-9f842d2bd61f to dynamo table
WARNING:root:added object 821c29b3-604c-4e08-83ef-92c900ba9a9b to dynamo table
WARNING:root:added object 22e0569f-09f7-4304-92b2-19e784837cb0 to dynamo table
WARNING:root:added object ceb0dd92-2c64-467c-b4d0-ee8d576d08f6 to dynamo table
WARNING:root:added object c9f9841b-e04e-44fd-aaca-3d306c7e5791 to dynamo table
WARNING:root:added object 6ed45dad-f2fb-4c3c-b6a5-68418d0d10de to dynamo table
WARNING:root:added object 6849a629-1791-4972-9faf-2543a2562081 to dynamo table
WARNING:root:added object e3e0c276-e6f5-4521-b2bd-f5a923ee355b to dynamo table
WARNING:root:added object 90763c23-e4ab-4151-8f69-59ec4bd0fb6a to dynamo table
WARNING:root:added object 28f9e4df-3b4a-42bd-a548-8a4a35b10ab8 to dynamo table
WARNING:root:added object 1e9a4917-f43f-46e6-aaf0-db33a32c0b46 to dynamo table
WARNING:root:added object a3d40e7e-624b-4ee4-962b-6b72e1d71b6f to dynamo table
WARNING:root:added object f11da2d7-4ab7-4416-911d-16315478b0e5 to dynamo table
WARNING:root:added object 97a457de-8046-4c0c-bd4e-b27c464771d7 to dynamo table
INFO:botocore.credentials:Found credentials in shared credentials file: ~/.aws/credentials
WARNING:root:added object 374989b9-dbc6-444c-bd7f-404a769ed0d4 to dynamo table
WARNING:root:added object c2cb3fb8-26da-4f54-8099-ea7f80bbfe42 to dynamo table
WARNING:root:added object 9683426c-c097-4f7c-baa0-cb213691e7e7 to dynamo table
WARNING:root:added object 161e81c8-ff6e-46ba-ae9f-5f30d77d88c8 to dynamo table
WARNING:root:added object 8813b96b-c169-4322-9093-b9d3c3dcc6ad to dynamo table
WARNING:root:added object 5a7b7793-0c7e-41d7-9c8b-ece9d6ed0871 to dynamo table
WARNING:root:added object 7d59fc6d-7beb-4a8a-88f1-e522d5fb0ff5 to dynamo table
WARNING:root:added object 4ef15e55-90b6-4fe2-88dc-1eabaf2ae727 to dynamo table
WARNING:root:added object 99a10b10-3dac-4d82-9183-2768b16b4853 to dynamo table
WARNING:root:added object 207dbb88-a79b-49b0-95a3-2645d1f0dc17 to dynamo table
WARNING:root:added object edf864d0-0abf-4ebf-809e-a3f424bb9878 to dynamo table
WARNING:root:added object b0d86c63-2928-4260-9afd-48d55d00ea46 to dynamo table
WARNING:root:added object aff4a875-aa43-4c85-b052-2e8b73be25b7 to dynamo table
WARNING:root:added object 02fb0b6f-8488-47cb-a616-03815cfd8a7e to dynamo table
WARNING:root:added object 62a69947-d10c-4d68-a271-514d5e31c98a to dynamo table
WARNING:root:added object e88df3aa-93b0-40b2-a2a9-2266e1207f1c to dynamo table
WARNING:root:added object 46515dff-c435-48db-9bfb-d1420fc36734 to dynamo table
WARNING:root:added object 63a28d22-0b10-4e77-b146-5f37a6c293e9 to dynamo table
WARNING:root:added object bb36e7ec-b925-49be-922a-33d529dead6e to dynamo table
WARNING:root:added object 024fe14c-17c8-418a-8f07-f06992f4861c to dynamo table
WARNING:root:added object ab1f16ac-10a7-4ad4-9638-dcd8555f080f to dynamo table
WARNING:root:added object 74800f47-3380-465c-8423-4d156492d048 to dynamo table
WARNING:root:added object 364b6b9b-0642-41e0-85c4-9e8f6e05150b to dynamo table
WARNING:root:added object 03a6cd54-f622-4ce4-bcc9-a9c712d830db to dynamo table
WARNING:root:added object 36ce02d8-59dd-4a87-b23b-88a82db89c72 to dynamo table
WARNING:root:added object 678aaf51-875f-4de0-b165-d88e63490ca8 to dynamo table
WARNING:root:added object c890fcd9-88da-4408-983e-a24df29f9ea5 to dynamo table
WARNING:root:added object f59b4b5c-6d83-490e-9878-4a25d773d286 to dynamo table
WARNING:root:added object 09fca068-eee4-402e-9081-3dbaa4057054 to dynamo table
WARNING:root:added object f13a373e-ddb1-4115-a27e-d717e42f7d43 to dynamo table
WARNING:root:added object 6cac98bc-5b15-435a-a279-32474c3f7a70 to dynamo table
WARNING:root:added object 80a5726b-ce25-4a9f-bfbb-5d893a307ca6 to dynamo table
WARNING:root:added object 9b716314-4223-40ba-9b79-1e1a3ae2bb96 to dynamo table
WARNING:root:added object 56211bb7-35ea-463f-9bc5-ff13af2652f3 to dynamo table
WARNING:root:added object 59b8bea6-78eb-41e1-b6b5-64c61896e608 to dynamo table
WARNING:root:added object d732ce93-9a38-4065-8bb6-42b0bd4fcf98 to dynamo table
WARNING:root:added object 695f243f-0ff8-45fc-9289-0e92afa02fd1 to dynamo table
WARNING:root:added object 80ec1f5d-2a9e-40c6-af58-44c84077a3e4 to dynamo table
WARNING:root:added object 0ae9daa2-86bf-408b-8d3c-284ad43be4d3 to dynamo table
WARNING:root:added object 5317ba8c-6560-432a-8429-41e09c7a7744 to dynamo table
WARNING:root:added object aca28669-09d4-4b1c-9828-9491946e153a to dynamo table
WARNING:root:added object 65f6efd4-9f38-46a2-9e3e-945f776564c0 to dynamo table
WARNING:root:added object 8780e5d3-c80e-4055-9580-268c2e70f38a to dynamo table
WARNING:root:deleted object 8780e5d3-c80e-4055-9580-268c2e70f38a to dynamo table
WARNING:root:added object c7235976-6710-49f6-8738-4e42304fe03e to dynamo table
WARNING:root:added object 0538d94f-d2bf-4bf4-897c-d0f43d8df718 to dynamo table
WARNING:root:added object c2cb3fb8-26da-4f54-8099-ea7f80bbfe42 to dynamo table
WARNING:root:deleted object c2cb3fb8-26da-4f54-8099-ea7f80bbfe42 to dynamo table
WARNING:root:added object 536e7200-6973-4b22-b685-c41774c1355b to dynamo table
WARNING:root:updated object 4ef15e55-90b6-4fe2-88dc-1eabaf2ae727 in dynamo table
WARNING:root:added object ed39e65e-69c3-4dc9-9085-823f06afb3e8 to dynamo table
WARNING:root:added object cd2c6b73-1d83-4f85-ba58-0e04d2e29359 to dynamo table
WARNING:root:updated object a1f12b89-7620-46cc-b84c-eae223343abf in dynamo table
WARNING:root:added object e7f789a5-668a-4ffe-b8a7-d8641384da1f to dynamo table
WARNING:root:added object 827e7c95-7e51-45db-b50b-5f0c44144704 to dynamo table
WARNING:root:added object 5a93d801-b949-4e0b-8be4-c98b46cfb389 to dynamo table
WARNING:root:added object eebcccce-32a4-44bb-b5a4-153324c36f3f to dynamo table
WARNING:root:added object 89d9a5a3-0d4d-4dc7-b9a9-89da1e41361b to dynamo table
WARNING:root:added object c3764862-a8a5-4f79-aac3-9b1cfaf6f218 to dynamo table
WARNING:root:updated object 4ef15e55-90b6-4fe2-88dc-1eabaf2ae727 in dynamo table
WARNING:root:added object 9f87c7f8-4106-4cf5-8be1-ac62e10773ae to dynamo table
WARNING:root:added object 374989b9-dbc6-444c-bd7f-404a769ed0d4 to dynamo table
WARNING:root:deleted object 374989b9-dbc6-444c-bd7f-404a769ed0d4 to dynamo table
WARNING:root:updated object 6640020c-814e-47cd-8bfa-b19c57c62b74 in dynamo table
WARNING:root:updated object 74800f47-3380-465c-8423-4d156492d048 in dynamo table
WARNING:root:added object cff8a4b7-694f-4c36-ac63-2e0e7643f472 to dynamo table
WARNING:root:added object b5a81345-2521-4344-9515-bd91e4a3e6a9 to dynamo table
WARNING:root:added object a7d60bf2-882c-4509-b843-80d959f727f3 to dynamo table
WARNING:root:added object 5f321cf3-cab6-4fec-88c9-ae00a26dfc33 to dynamo table
WARNING:root:added object 5a7b7793-0c7e-41d7-9c8b-ece9d6ed0871 to dynamo table
WARNING:root:deleted object 5a7b7793-0c7e-41d7-9c8b-ece9d6ed0871 to dynamo table
WARNING:root:added object d99d831d-195f-4f82-b262-79c0ecbf65fa to dynamo table
WARNING:root:added object 21acb51e-3170-4a8f-99b4-350a5ce9fa61 to dynamo table
WARNING:root:added object 69e5a3ee-84bf-4907-af01-6cd28b50b575 to dynamo table
WARNING:root:added object e812597a-5b55-45dc-a319-dd050daabb55 to dynamo table
WARNING:root:added object 3bfda670-6c42-4214-9d69-0f08ae93fcd3 to dynamo table
WARNING:root:added object bb065319-2860-4add-81fb-0d8711281a7d to dynamo table
WARNING:root:added object 6640020c-814e-47cd-8bfa-b19c57c62b74 to dynamo table
WARNING:root:added object 99ceb205-53ae-47e9-ba54-0a79c6a9dfbd to dynamo table
WARNING:root:added object a1f12b89-7620-46cc-b84c-eae223343abf to dynamo table
WARNING:root:updated object 63a28d22-0b10-4e77-b146-5f37a6c293e9 in dynamo table
WARNING:root:added object e21c9625-ccca-462c-9ff8-4df84318ff79 to dynamo table
WARNING:root:added object 9f975359-89d4-42d3-ac2f-7415f5fb7808 to dynamo table
WARNING:root:updated object 9f87c7f8-4106-4cf5-8be1-ac62e10773ae in dynamo table
WARNING:root:added object 7d59fc6d-7beb-4a8a-88f1-e522d5fb0ff5 to dynamo table
WARNING:root:deleted object 7d59fc6d-7beb-4a8a-88f1-e522d5fb0ff5 to dynamo table
WARNING:root:updated object 5a7b7793-0c7e-41d7-9c8b-ece9d6ed0871 in dynamo table
WARNING:root:added object 3df84226-d10c-411b-847d-42f3f6939c4b to dynamo table
WARNING:root:updated object cff8a4b7-694f-4c36-ac63-2e0e7643f472 in dynamo table
WARNING:root:updated object e88df3aa-93b0-40b2-a2a9-2266e1207f1c in dynamo table
WARNING:root:added object 183ba429-bbec-41e8-b67d-59e0bdd9c5f4 to dynamo table
WARNING:root:updated object 695f243f-0ff8-45fc-9289-0e92afa02fd1 in dynamo table
WARNING:root:added object 7652be13-2c68-4a52-9f33-f67c6499f320 to dynamo table
WARNING:root:added object 8780e5d3-c80e-4055-9580-268c2e70f38a to dynamo table
WARNING:root:added object 6f41b36b-fcd8-453a-a36e-5e2cf71a3990 to dynamo table
WARNING:root:updated object 161e81c8-ff6e-46ba-ae9f-5f30d77d88c8 in dynamo table
WARNING:root:added object 0bc6be15-5404-4345-b4d3-05c8a5dbd493 to dynamo table
WARNING:root:added object a3f97cad-f3b9-4d61-8695-f2bdbde3295b to dynamo table
WARNING:root:updated object f59b4b5c-6d83-490e-9878-4a25d773d286 in dynamo table
WARNING:root:added object b5a81345-2521-4344-9515-bd91e4a3e6a9 to dynamo table
WARNING:root:deleted object b5a81345-2521-4344-9515-bd91e4a3e6a9 to dynamo table
WARNING:root:added object 08a5ea67-0f53-426a-bf55-76db04a5951c to dynamo table
WARNING:root:added object 59ba6f77-c418-4143-990e-fbffd68c1809 to dynamo table
WARNING:root:updated object 62a69947-d10c-4d68-a271-514d5e31c98a in dynamo table
WARNING:root:updated object 09fca068-eee4-402e-9081-3dbaa4057054 in dynamo table
WARNING:root:added object 911f74e1-bc4f-48e4-8490-c84a32d13375 to dynamo table
WARNING:root:added object 9a92bfb8-42e9-4b6c-9056-a3e5587ccd2b to dynamo table
WARNING:root:added object a54e6cdc-5585-48b4-8874-beae1384680f to dynamo table
WARNING:root:added object b5e90555-64f3-460a-8609-1e310e252d49 to dynamo table
WARNING:root:added object fb8ab4ba-49ad-4b60-8a83-1462881806f4 to dynamo table
WARNING:root:added object 029451dc-be96-49d7-b148-9e359876e686 to dynamo table
WARNING:root:added object 1d4f7aac-6e1c-44e6-a219-b6955ecfc073 to dynamo table
WARNING:root:added object 91acfae9-e5cb-457b-9d9f-3ab1c97e38dd to dynamo table
WARNING:root:updated object a54e6cdc-5585-48b4-8874-beae1384680f in dynamo table
WARNING:root:added object c9a65c00-fbd8-433e-98ac-d99d39fc94e9 to dynamo table
WARNING:root:added object 696978b1-304e-4cb2-a8e2-f0f18f43f0f6 to dynamo table
WARNING:root:added object 83051d00-4272-42c6-a89c-d8385dd5acfa to dynamo table
WARNING:root:added object 3e74febb-e1fe-448f-aaea-8af734f4a273 to dynamo table
WARNING:root:added object 32950ad1-30f9-4238-b3fc-f2e42a7df92b to dynamo table
WARNING:root:updated object 6167b851-7151-4a9a-b9de-64be300e4941 in dynamo table
WARNING:root:added object 5a07fba2-d58b-4e38-a999-db5b713a12d5 to dynamo table
WARNING:root:added object a6356750-a2a8-4fd0-919f-47f8566943eb to dynamo table
WARNING:root:added object eae447c5-53d2-451a-8f6c-fc099d14bc8b to dynamo table
WARNING:root:added object d99110c9-eadd-4558-a0a5-2ca2a61cfa52 to dynamo table
WARNING:root:added object 62b6c20f-666a-4ae8-8dcc-fe8f4655a60c to dynamo table
WARNING:root:added object f4ecf31a-a760-4ea7-9d63-873439bb652a to dynamo table
WARNING:root:added object 863cad47-a2e9-48c4-9b91-e16a0e858df9 to dynamo table
WARNING:root:added object 35cae441-fb46-42b1-9cea-96ea52fffe32 to dynamo table
WARNING:root:added object bad1d724-dc36-4a4c-9fc6-505bfd22d72f to dynamo table
WARNING:root:added object 42495788-17b7-4017-8183-499c5587aeeb to dynamo table
WARNING:root:added object 6167b851-7151-4a9a-b9de-64be300e4941 to dynamo table
WARNING:root:added object 37392ecd-5c07-46bb-bbe9-e241dc9a98f4 to dynamo table
WARNING:root:added object b888a172-7913-45d0-bd32-75ee2b99032f to dynamo table
WARNING:root:added object f0a0a95f-5b49-4169-a07e-83baea3a3d69 to dynamo table
WARNING:root:added object c62ad5b2-4100-429d-b27a-997c18f36169 to dynamo table
WARNING:root:added object e8a4e4c5-2bea-4dbe-a7a7-63c55067ea7b to dynamo table
WARNING:root:added object 69971c5e-172e-400d-873f-6cfeb00f6055 to dynamo table
WARNING:root:added object c92f2e25-d105-4d3c-92e4-dbda957d34ef to dynamo table
WARNING:root:added object 858709d2-ae1b-4290-a39a-ca22128dfd46 to dynamo table
WARNING:root:added object 8adcab9b-2b1f-493b-8726-25df0587ecef to dynamo table
WARNING:root:added object f1816600-cd78-44fb-8802-2ed8a2480863 to dynamo table
WARNING:root:added object 6018f143-1440-4d40-afb4-b5f1ec8e5f28 to dynamo table
WARNING:root:added object dcfb555e-fd57-4687-8631-0f6488d3c570 to dynamo table
WARNING:root:added object 51890711-5c16-4424-bcd0-bd6526456fb7 to dynamo table
WARNING:root:added object f458bfd7-f895-4f99-8543-1ff5dc094cd3 to dynamo table
WARNING:root:added object 7cceaf06-2fcd-4f1c-986d-7553303e0bc9 to dynamo table
WARNING:root:added object c0d0d294-4347-4982-a3a3-cf1093ece6c9 to dynamo table
WARNING:root:added object 9aa5ec6f-6f94-4c20-a432-3cbe6b1cc8f7 to dynamo table
WARNING:root:added object 5e7958c1-50ff-4d6f-acf4-c0eb96c6a277 to dynamo table
WARNING:root:added object 2a61c4ac-5641-40a3-9a44-ba8a16ef4876 to dynamo table
WARNING:root:updated object b5e90555-64f3-460a-8609-1e310e252d49 in dynamo table
WARNING:root:added object 0e352f3a-e499-4252-be73-ffcbea20021b to dynamo table
WARNING:root:updated object 8adcab9b-2b1f-493b-8726-25df0587ecef in dynamo table
WARNING:root:updated object 37392ecd-5c07-46bb-bbe9-e241dc9a98f4 in dynamo table
WARNING:root:added object d33abb7e-ad7f-4d4b-9eb0-f9901d7171fa to dynamo table
WARNING:root:added object 963e8795-942a-4703-adc1-3d5c6b58a340 to dynamo table
WARNING:root:updated object 3238f8d0-07f3-4704-b176-4367925edf29 in dynamo table
WARNING:root:updated object 16a8844e-1099-4866-bb94-13d29d0b08a3 in dynamo table
WARNING:root:added object a7c9e28f-2382-4003-87e6-657714f87ab1 to dynamo table
WARNING:root:added object 2e4f723e-17ce-42b4-9aeb-efdf129b3e97 to dynamo table
WARNING:root:added object ba5e93ca-cdc7-457c-8152-7676f4cbc847 to dynamo table
WARNING:root:added object 57f8fdb0-a5dc-46e9-b5ff-3cb516312777 to dynamo table
WARNING:root:added object d5934351-6cb8-4893-a308-05bbf27ae4e8 to dynamo table
WARNING:root:updated object 9a92bfb8-42e9-4b6c-9056-a3e5587ccd2b in dynamo table
WARNING:root:added object fa0d27d6-9fe1-4ad7-b269-00a40d4c363f to dynamo table
WARNING:root:added object b5e90555-64f3-460a-8609-1e310e252d49 to dynamo table
WARNING:root:deleted object b5e90555-64f3-460a-8609-1e310e252d49 to dynamo table
WARNING:root:added object 9cba4bda-056d-426e-82d4-fc5da0439947 to dynamo table
WARNING:root:added object a75335ca-2a7b-416c-9815-901581daa45a to dynamo table
WARNING:root:added object ea12ae11-2593-4fce-b763-974e475ef69d to dynamo table
WARNING:root:added object ff7caf4c-155e-47f0-8e95-6b9d8f9663cf to dynamo table
WARNING:root:updated object bad1d724-dc36-4a4c-9fc6-505bfd22d72f in dynamo table
WARNING:root:updated object f0a0a95f-5b49-4169-a07e-83baea3a3d69 in dynamo table
WARNING:root:added object f215bac8-7c07-445e-a03b-49d1058113e2 to dynamo table
WARNING:root:updated object 37392ecd-5c07-46bb-bbe9-e241dc9a98f4 in dynamo table
WARNING:root:updated object 2a61c4ac-5641-40a3-9a44-ba8a16ef4876 in dynamo table
WARNING:root:added object bee02602-b281-4cd4-9048-d955e342dd08 to dynamo table
WARNING:root:updated object d5934351-6cb8-4893-a308-05bbf27ae4e8 in dynamo table
WARNING:root:updated object f4ecf31a-a760-4ea7-9d63-873439bb652a in dynamo table
WARNING:root:added object bee02602-b281-4cd4-9048-d955e342dd08 to dynamo table
WARNING:root:deleted object bee02602-b281-4cd4-9048-d955e342dd08 to dynamo table
WARNING:root:added object 824a3af2-a4eb-4813-9fcf-b8f4d85331d9 to dynamo table
WARNING:root:added object 41d84551-613b-49fc-8a56-3db7cf675543 to dynamo table
WARNING:root:added object 16a8844e-1099-4866-bb94-13d29d0b08a3 to dynamo table
WARNING:root:updated object 2a61c4ac-5641-40a3-9a44-ba8a16ef4876 in dynamo table
WARNING:root:updated object 51890711-5c16-4424-bcd0-bd6526456fb7 in dynamo table
WARNING:root:added object 5247268a-19a9-4b25-9cda-136d2b8dd214 to dynamo table
WARNING:root:updated object fa0d27d6-9fe1-4ad7-b269-00a40d4c363f in dynamo table
WARNING:root:updated object 9a92bfb8-42e9-4b6c-9056-a3e5587ccd2b in dynamo table
WARNING:root:added object 3238f8d0-07f3-4704-b176-4367925edf29 to dynamo table
WARNING:root:updated object f458bfd7-f895-4f99-8543-1ff5dc094cd3 in dynamo table
WARNING:root:updated object 35cae441-fb46-42b1-9cea-96ea52fffe32 in dynamo table
WARNING:root:added object f16ecc2f-714f-4463-baf7-9048265ff3e3 to dynamo table
WARNING:root:added object b8d046d2-f81f-408a-b59d-ee95c7c19e67 to dynamo table
WARNING:root:added object 4d5925f4-f263-4796-9454-206cefffae2b to dynamo table
WARNING:root:added object 2e4f723e-17ce-42b4-9aeb-efdf129b3e97 to dynamo table
WARNING:root:deleted object 2e4f723e-17ce-42b4-9aeb-efdf129b3e97 to dynamo table
WARNING:root:updated object 37392ecd-5c07-46bb-bbe9-e241dc9a98f4 in dynamo table
WARNING:root:added object 0e2cc6bb-dcba-49f4-8a58-c8981e865cb7 to dynamo table
WARNING:root:added object e7d21165-f925-492c-8e54-85b94662ede1 to dynamo table
WARNING:root:updated object 42495788-17b7-4017-8183-499c5587aeeb in dynamo table
WARNING:root:added object c9a65c00-fbd8-433e-98ac-d99d39fc94e9 to dynamo table
WARNING:root:deleted object c9a65c00-fbd8-433e-98ac-d99d39fc94e9 to dynamo table
WARNING:root:updated object 51890711-5c16-4424-bcd0-bd6526456fb7 in dynamo table
WARNING:root:added object f66193b4-f1f4-4234-960f-8421bffc4314 to dynamo table
WARNING:root:added object 18de8920-cc08-40a0-bcd4-b964bac2e852 to dynamo table
WARNING:root:updated object 1d4f7aac-6e1c-44e6-a219-b6955ecfc073 in dynamo table
WARNING:root:added object 8f07ea25-324f-42d5-a0f5-52eccf06e7bd to dynamo table
WARNING:root:added object d99110c9-eadd-4558-a0a5-2ca2a61cfa52 to dynamo table
WARNING:root:deleted object d99110c9-eadd-4558-a0a5-2ca2a61cfa52 to dynamo table
WARNING:root:updated object 963e8795-942a-4703-adc1-3d5c6b58a340 in dynamo table
INFO:botocore.credentials:Found credentials in shared credentials file: ~/.aws/credentials
WARNING:root:added object 97a457de-8046-4c0c-bd4e-b27c464771d7 to dynamo table
WARNING:root:added object b73318be-8653-4918-b22a-c6cfbdcec0ce to dynamo table
WARNING:root:added object dba4d768-8889-4635-9713-3d47b3fe1894 to dynamo table
WARNING:root:added object 34525da5-7acf-4a39-bfeb-c0cf775f4598 to dynamo table
WARNING:root:added object 13602ee8-ad37-434e-b581-50aad0bb5ca7 to dynamo table
WARNING:root:updated object 34525da5-7acf-4a39-bfeb-c0cf775f4598 in dynamo table
WARNING:root:updated object 34525da5-7acf-4a39-bfeb-c0cf775f4598 in dynamo table
WARNING:root:updated object 34525da5-7acf-4a39-bfeb-c0cf775f4598 in dynamo table
WARNING:root:updated object 34525da5-7acf-4a39-bfeb-c0cf775f4598 in dynamo table
WARNING:root:updated object 34525da5-7acf-4a39-bfeb-c0cf775f4598 in dynamo table
WARNING:root:updated object 34525da5-7acf-4a39-bfeb-c0cf775f4598 in dynamo table
WARNING:root:updated object 34525da5-7acf-4a39-bfeb-c0cf775f4598 in dynamo table
WARNING:root:updated object 34525da5-7acf-4a39-bfeb-c0cf775f4598 in dynamo table
WARNING:root:updated object 34525da5-7acf-4a39-bfeb-c0cf775f4598 in dynamo table
WARNING:root:updated object 34525da5-7acf-4a39-bfeb-c0cf775f4598 in dynamo table
WARNING:root:updated object 34525da5-7acf-4a39-bfeb-c0cf775f4598 in dynamo table
WARNING:root:updated object 34525da5-7acf-4a39-bfeb-c0cf775f4598 in dynamo table
WARNING:root:updated object 34525da5-7acf-4a39-bfeb-c0cf775f4598 in dynamo table
WARNING:root:updated object 34525da5-7acf-4a39-bfeb-c0cf775f4598 in dynamo table
WARNING:root:updated object 34525da5-7acf-4a39-bfeb-c0cf775f4598 in dynamo table
WARNING:root:updated object 34525da5-7acf-4a39-bfeb-c0cf775f4598 in dynamo table
WARNING:root:updated object 34525da5-7acf-4a39-bfeb-c0cf775f4598 in dynamo table
WARNING:root:updated object 34525da5-7acf-4a39-bfeb-c0cf775f4598 in dynamo table
WARNING:root:updated object 34525da5-7acf-4a39-bfeb-c0cf775f4598 in dynamo table
WARNING:root:updated object 34525da5-7acf-4a39-bfeb-c0cf775f4598 in dynamo table
WARNING:root:updated object 34525da5-7acf-4a39-bfeb-c0cf775f4598 in dynamo table
WARNING:root:updated object 34525da5-7acf-4a39-bfeb-c0cf775f4598 in dynamo table
WARNING:root:updated object 34525da5-7acf-4a39-bfeb-c0cf775f4598 in dynamo table
WARNING:root:updated object 34525da5-7acf-4a39-bfeb-c0cf775f4598 in dynamo table
WARNING:root:updated object 34525da5-7acf-4a39-bfeb-c0cf775f4598 in dynamo table
WARNING:root:updated object 34525da5-7acf-4a39-bfeb-c0cf775f4598 in dynamo table
WARNING:root:updated object 34525da5-7acf-4a39-bfeb-c0cf775f4598 in dynamo table
WARNING:root:updated object 34525da5-7acf-4a39-bfeb-c0cf775f4598 in dynamo table
WARNING:root:updated object 34525da5-7acf-4a39-bfeb-c0cf775f4598 in dynamo table
WARNING:root:updated object 34525da5-7acf-4a39-bfeb-c0cf775f4598 in dynamo table
WARNING:root:updated object 34525da5-7acf-4a39-bfeb-c0cf775f4598 in dynamo table
WARNING:root:updated object 34525da5-7acf-4a39-bfeb-c0cf775f4598 in dynamo table
WARNING:root:updated object 34525da5-7acf-4a39-bfeb-c0cf775f4598 in dynamo table
WARNING:root:updated object 34525da5-7acf-4a39-bfeb-c0cf775f4598 in dynamo table
WARNING:root:updated object 34525da5-7acf-4a39-bfeb-c0cf775f4598 in dynamo table
WARNING:root:updated object 34525da5-7acf-4a39-bfeb-c0cf775f4598 in dynamo table
WARNING:root:updated object 34525da5-7acf-4a39-bfeb-c0cf775f4598 in dynamo table
WARNING:root:updated object 34525da5-7acf-4a39-bfeb-c0cf775f4598 in dynamo table
WARNING:root:updated object 34525da5-7acf-4a39-bfeb-c0cf775f4598 in dynamo table
WARNING:root:updated object 34525da5-7acf-4a39-bfeb-c0cf775f4598 in dynamo table
WARNING:root:updated object 34525da5-7acf-4a39-bfeb-c0cf775f4598 in dynamo table
WARNING:root:updated object 34525da5-7acf-4a39-bfeb-c0cf775f4598 in dynamo table
WARNING:root:updated object 34525da5-7acf-4a39-bfeb-c0cf775f4598 in dynamo table
WARNING:root:updated object 34525da5-7acf-4a39-bfeb-c0cf775f4598 in dynamo table
WARNING:root:updated object 34525da5-7acf-4a39-bfeb-c0cf775f4598 in dynamo table
WARNING:root:updated object 34525da5-7acf-4a39-bfeb-c0cf775f4598 in dynamo table
WARNING:root:updated object 34525da5-7acf-4a39-bfeb-c0cf775f4598 in dynamo table
WARNING:root:updated object 34525da5-7acf-4a39-bfeb-c0cf775f4598 in dynamo table
WARNING:root:updated object 34525da5-7acf-4a39-bfeb-c0cf775f4598 in dynamo table
WARNING:root:updated object 34525da5-7acf-4a39-bfeb-c0cf775f4598 in dynamo table
WARNING:root:updated object 34525da5-7acf-4a39-bfeb-c0cf775f4598 in dynamo table
WARNING:root:updated object 34525da5-7acf-4a39-bfeb-c0cf775f4598 in dynamo table
WARNING:root:updated object 34525da5-7acf-4a39-bfeb-c0cf775f4598 in dynamo table
WARNING:root:updated object 34525da5-7acf-4a39-bfeb-c0cf775f4598 in dynamo table
WARNING:root:updated object 34525da5-7acf-4a39-bfeb-c0cf775f4598 in dynamo table
WARNING:root:updated object 34525da5-7acf-4a39-bfeb-c0cf775f4598 in dynamo table
WARNING:root:updated object 34525da5-7acf-4a39-bfeb-c0cf775f4598 in dynamo table
WARNING:root:updated object 34525da5-7acf-4a39-bfeb-c0cf775f4598 in dynamo table
WARNING:root:updated object 34525da5-7acf-4a39-bfeb-c0cf775f4598 in dynamo table
WARNING:root:updated object 34525da5-7acf-4a39-bfeb-c0cf775f4598 in dynamo table
WARNING:root:updated object 34525da5-7acf-4a39-bfeb-c0cf775f4598 in dynamo table
WARNING:root:updated object 34525da5-7acf-4a39-bfeb-c0cf775f4598 in dynamo table
WARNING:root:updated object 34525da5-7acf-4a39-bfeb-c0cf775f4598 in dynamo table
WARNING:root:updated object 34525da5-7acf-4a39-bfeb-c0cf775f4598 in dynamo table
WARNING:root:updated object 34525da5-7acf-4a39-bfeb-c0cf775f4598 in dynamo table
WARNING:root:updated object 34525da5-7acf-4a39-bfeb-c0cf775f4598 in dynamo table
WARNING:root:updated object 34525da5-7acf-4a39-bfeb-c0cf775f4598 in dynamo table
WARNING:root:updated object 34525da5-7acf-4a39-bfeb-c0cf775f4598 in dynamo table
WARNING:root:updated object 34525da5-7acf-4a39-bfeb-c0cf775f4598 in dynamo table
WARNING:root:updated object 34525da5-7acf-4a39-bfeb-c0cf775f4598 in dynamo table
WARNING:root:updated object 34525da5-7acf-4a39-bfeb-c0cf775f4598 in dynamo table
WARNING:root:updated object 34525da5-7acf-4a39-bfeb-c0cf775f4598 in dynamo table
WARNING:root:updated object 34525da5-7acf-4a39-bfeb-c0cf775f4598 in dynamo table
WARNING:root:updated object 34525da5-7acf-4a39-bfeb-c0cf775f4598 in dynamo table
WARNING:root:updated object 34525da5-7acf-4a39-bfeb-c0cf775f4598 in dynamo table
WARNING:root:updated object 34525da5-7acf-4a39-bfeb-c0cf775f4598 in dynamo table
WARNING:root:updated object 34525da5-7acf-4a39-bfeb-c0cf775f4598 in dynamo table
WARNING:root:updated object 34525da5-7acf-4a39-bfeb-c0cf775f4598 in dynamo table
WARNING:root:updated object 34525da5-7acf-4a39-bfeb-c0cf775f4598 in dynamo table
WARNING:root:updated object 34525da5-7acf-4a39-bfeb-c0cf775f4598 in dynamo table
WARNING:root:updated object 34525da5-7acf-4a39-bfeb-c0cf775f4598 in dynamo table
WARNING:root:updated object 34525da5-7acf-4a39-bfeb-c0cf775f4598 in dynamo table
WARNING:root:updated object 34525da5-7acf-4a39-bfeb-c0cf775f4598 in dynamo table
WARNING:root:updated object 34525da5-7acf-4a39-bfeb-c0cf775f4598 in dynamo table
WARNING:root:updated object 34525da5-7acf-4a39-bfeb-c0cf775f4598 in dynamo table
WARNING:root:updated object 34525da5-7acf-4a39-bfeb-c0cf775f4598 in dynamo table
WARNING:root:updated object 34525da5-7acf-4a39-bfeb-c0cf775f4598 in dynamo table
WARNING:root:updated object 34525da5-7acf-4a39-bfeb-c0cf775f4598 in dynamo table
WARNING:root:updated object 34525da5-7acf-4a39-bfeb-c0cf775f4598 in dynamo table
WARNING:root:updated object 34525da5-7acf-4a39-bfeb-c0cf775f4598 in dynamo table
WARNING:root:updated object 34525da5-7acf-4a39-bfeb-c0cf775f4598 in dynamo table
WARNING:root:updated object 34525da5-7acf-4a39-bfeb-c0cf775f4598 in dynamo table
WARNING:root:updated object 34525da5-7acf-4a39-bfeb-c0cf775f4598 in dynamo table
WARNING:root:updated object 34525da5-7acf-4a39-bfeb-c0cf775f4598 in dynamo table
WARNING:root:updated object 34525da5-7acf-4a39-bfeb-c0cf775f4598 in dynamo table
WARNING:root:updated object 34525da5-7acf-4a39-bfeb-c0cf775f4598 in dynamo table
WARNING:root:updated object 34525da5-7acf-4a39-bfeb-c0cf775f4598 in dynamo table
WARNING:root:updated object 34525da5-7acf-4a39-bfeb-c0cf775f4598 in dynamo table
WARNING:root:updated object 34525da5-7acf-4a39-bfeb-c0cf775f4598 in dynamo table
WARNING:root:updated object 34525da5-7acf-4a39-bfeb-c0cf775f4598 in dynamo table
WARNING:root:updated object 34525da5-7acf-4a39-bfeb-c0cf775f4598 in dynamo table
WARNING:root:updated object 34525da5-7acf-4a39-bfeb-c0cf775f4598 in dynamo table
WARNING:root:updated object 34525da5-7acf-4a39-bfeb-c0cf775f4598 in dynamo table
WARNING:root:updated object 34525da5-7acf-4a39-bfeb-c0cf775f4598 in dynamo table
WARNING:root:updated object 34525da5-7acf-4a39-bfeb-c0cf775f4598 in dynamo table
WARNING:root:updated object 34525da5-7acf-4a39-bfeb-c0cf775f4598 in dynamo table
WARNING:root:updated object 34525da5-7acf-4a39-bfeb-c0cf775f4598 in dynamo table
WARNING:root:updated object 34525da5-7acf-4a39-bfeb-c0cf775f4598 in dynamo table
WARNING:root:updated object 34525da5-7acf-4a39-bfeb-c0cf775f4598 in dynamo table
WARNING:root:updated object 34525da5-7acf-4a39-bfeb-c0cf775f4598 in dynamo table
WARNING:root:updated object 34525da5-7acf-4a39-bfeb-c0cf775f4598 in dynamo table
WARNING:root:updated object 34525da5-7acf-4a39-bfeb-c0cf775f4598 in dynamo table
WARNING:root:updated object 34525da5-7acf-4a39-bfeb-c0cf775f4598 in dynamo table
WARNING:root:updated object 34525da5-7acf-4a39-bfeb-c0cf775f4598 in dynamo table
WARNING:root:updated object 34525da5-7acf-4a39-bfeb-c0cf775f4598 in dynamo table
WARNING:root:updated object 34525da5-7acf-4a39-bfeb-c0cf775f4598 in dynamo table
WARNING:root:updated object 34525da5-7acf-4a39-bfeb-c0cf775f4598 in dynamo table
WARNING:root:updated object 34525da5-7acf-4a39-bfeb-c0cf775f4598 in dynamo table
WARNING:root:updated object 34525da5-7acf-4a39-bfeb-c0cf775f4598 in dynamo table
WARNING:root:updated object 34525da5-7acf-4a39-bfeb-c0cf775f4598 in dynamo table
WARNING:root:updated object 34525da5-7acf-4a39-bfeb-c0cf775f4598 in dynamo table
WARNING:root:updated object 34525da5-7acf-4a39-bfeb-c0cf775f4598 in dynamo table
WARNING:root:updated object 34525da5-7acf-4a39-bfeb-c0cf775f4598 in dynamo table
WARNING:root:updated object 34525da5-7acf-4a39-bfeb-c0cf775f4598 in dynamo table
WARNING:root:updated object 34525da5-7acf-4a39-bfeb-c0cf775f4598 in dynamo table
WARNING:root:updated object 34525da5-7acf-4a39-bfeb-c0cf775f4598 in dynamo table
WARNING:root:updated object 34525da5-7acf-4a39-bfeb-c0cf775f4598 in dynamo table
WARNING:root:updated object 34525da5-7acf-4a39-bfeb-c0cf775f4598 in dynamo table
WARNING:root:updated object 34525da5-7acf-4a39-bfeb-c0cf775f4598 in dynamo table
WARNING:root:updated object 34525da5-7acf-4a39-bfeb-c0cf775f4598 in dynamo table
WARNING:root:updated object 34525da5-7acf-4a39-bfeb-c0cf775f4598 in dynamo table
WARNING:root:updated object 34525da5-7acf-4a39-bfeb-c0cf775f4598 in dynamo table
WARNING:root:updated object 34525da5-7acf-4a39-bfeb-c0cf775f4598 in dynamo table
WARNING:root:updated object 34525da5-7acf-4a39-bfeb-c0cf775f4598 in dynamo table
WARNING:root:updated object 34525da5-7acf-4a39-bfeb-c0cf775f4598 in dynamo table
WARNING:root:updated object 34525da5-7acf-4a39-bfeb-c0cf775f4598 in dynamo table
WARNING:root:updated object 34525da5-7acf-4a39-bfeb-c0cf775f4598 in dynamo table
WARNING:root:updated object 34525da5-7acf-4a39-bfeb-c0cf775f4598 in dynamo table
WARNING:root:updated object 34525da5-7acf-4a39-bfeb-c0cf775f4598 in dynamo table
WARNING:root:updated object 34525da5-7acf-4a39-bfeb-c0cf775f4598 in dynamo table
WARNING:root:updated object 34525da5-7acf-4a39-bfeb-c0cf775f4598 in dynamo table
WARNING:root:updated object 34525da5-7acf-4a39-bfeb-c0cf775f4598 in dynamo table
WARNING:root:updated object 34525da5-7acf-4a39-bfeb-c0cf775f4598 in dynamo table
WARNING:root:updated object 34525da5-7acf-4a39-bfeb-c0cf775f4598 in dynamo table
WARNING:root:updated object 34525da5-7acf-4a39-bfeb-c0cf775f4598 in dynamo table
WARNING:root:updated object 34525da5-7acf-4a39-bfeb-c0cf775f4598 in dynamo table
WARNING:root:updated object 34525da5-7acf-4a39-bfeb-c0cf775f4598 in dynamo table
WARNING:root:updated object 34525da5-7acf-4a39-bfeb-c0cf775f4598 in dynamo table
WARNING:root:updated object 34525da5-7acf-4a39-bfeb-c0cf775f4598 in dynamo table
WARNING:root:updated object 34525da5-7acf-4a39-bfeb-c0cf775f4598 in dynamo table
WARNING:root:updated object 34525da5-7acf-4a39-bfeb-c0cf775f4598 in dynamo table
WARNING:root:updated object 34525da5-7acf-4a39-bfeb-c0cf775f4598 in dynamo table
WARNING:root:updated object 34525da5-7acf-4a39-bfeb-c0cf775f4598 in dynamo table
WARNING:root:updated object 34525da5-7acf-4a39-bfeb-c0cf775f4598 in dynamo table
WARNING:root:updated object 34525da5-7acf-4a39-bfeb-c0cf775f4598 in dynamo table
WARNING:root:updated object 34525da5-7acf-4a39-bfeb-c0cf775f4598 in dynamo table
WARNING:root:updated object 34525da5-7acf-4a39-bfeb-c0cf775f4598 in dynamo table
INFO:botocore.credentials:Found credentials in shared credentials file: ~/.aws/credentials
WARNING:root:added object 97a457de-8046-4c0c-bd4e-b27c464771d7 to dynamo table
WARNING:root:added object b73318be-8653-4918-b22a-c6cfbdcec0ce to dynamo table
WARNING:root:added object dba4d768-8889-4635-9713-3d47b3fe1894 to dynamo table
WARNING:root:added object 34525da5-7acf-4a39-bfeb-c0cf775f4598 to dynamo table
WARNING:root:added object 13602ee8-ad37-434e-b581-50aad0bb5ca7 to dynamo table
WARNING:root:updated object 34525da5-7acf-4a39-bfeb-c0cf775f4598 in dynamo table
WARNING:root:updated object 34525da5-7acf-4a39-bfeb-c0cf775f4598 in dynamo table
WARNING:root:updated object 34525da5-7acf-4a39-bfeb-c0cf775f4598 in dynamo table
WARNING:root:updated object 34525da5-7acf-4a39-bfeb-c0cf775f4598 in dynamo table
WARNING:root:updated object 34525da5-7acf-4a39-bfeb-c0cf775f4598 in dynamo table
WARNING:root:updated object 34525da5-7acf-4a39-bfeb-c0cf775f4598 in dynamo table
WARNING:root:updated object 34525da5-7acf-4a39-bfeb-c0cf775f4598 in dynamo table
WARNING:root:updated object 34525da5-7acf-4a39-bfeb-c0cf775f4598 in dynamo table
WARNING:root:updated object 34525da5-7acf-4a39-bfeb-c0cf775f4598 in dynamo table
WARNING:root:updated object 34525da5-7acf-4a39-bfeb-c0cf775f4598 in dynamo table
WARNING:root:updated object 34525da5-7acf-4a39-bfeb-c0cf775f4598 in dynamo table
WARNING:root:updated object 34525da5-7acf-4a39-bfeb-c0cf775f4598 in dynamo table
WARNING:root:updated object 34525da5-7acf-4a39-bfeb-c0cf775f4598 in dynamo table
WARNING:root:updated object 34525da5-7acf-4a39-bfeb-c0cf775f4598 in dynamo table
WARNING:root:updated object 34525da5-7acf-4a39-bfeb-c0cf775f4598 in dynamo table
WARNING:root:updated object 34525da5-7acf-4a39-bfeb-c0cf775f4598 in dynamo table
WARNING:root:updated object 34525da5-7acf-4a39-bfeb-c0cf775f4598 in dynamo table
WARNING:root:updated object 34525da5-7acf-4a39-bfeb-c0cf775f4598 in dynamo table
WARNING:root:updated object 34525da5-7acf-4a39-bfeb-c0cf775f4598 in dynamo table
WARNING:root:updated object 34525da5-7acf-4a39-bfeb-c0cf775f4598 in dynamo table
WARNING:root:updated object 34525da5-7acf-4a39-bfeb-c0cf775f4598 in dynamo table
WARNING:root:updated object 34525da5-7acf-4a39-bfeb-c0cf775f4598 in dynamo table
WARNING:root:updated object 34525da5-7acf-4a39-bfeb-c0cf775f4598 in dynamo table
WARNING:root:updated object 34525da5-7acf-4a39-bfeb-c0cf775f4598 in dynamo table
WARNING:root:updated object 34525da5-7acf-4a39-bfeb-c0cf775f4598 in dynamo table
WARNING:root:updated object 34525da5-7acf-4a39-bfeb-c0cf775f4598 in dynamo table
WARNING:root:updated object 34525da5-7acf-4a39-bfeb-c0cf775f4598 in dynamo table
WARNING:root:updated object 34525da5-7acf-4a39-bfeb-c0cf775f4598 in dynamo table
WARNING:root:updated object 34525da5-7acf-4a39-bfeb-c0cf775f4598 in dynamo table
WARNING:root:updated object 34525da5-7acf-4a39-bfeb-c0cf775f4598 in dynamo table
WARNING:root:added object 8a443f02-4528-49fa-89aa-17de30c6c35d to dynamo table
WARNING:root:added object 9b695e21-764e-4346-90c9-dea2a01f6b7d to dynamo table
WARNING:root:added object 36c31e12-d1fc-415c-92ba-238b5dd00b45 to dynamo table
WARNING:root:added object f5d16a6a-a09d-4086-bfcc-b3afd2d740d1 to dynamo table
WARNING:root:added object 3de74149-6351-4f9b-b718-6d166f9a6c9c to dynamo table
WARNING:root:added object 9a823574-2fc2-413b-a4c6-8c50bee14b5c to dynamo table
WARNING:root:updated object 9caa9c6c-dba5-4858-8db7-855d25b46c89 in dynamo table
WARNING:root:added object 07954521-238f-44cd-ae0e-93e95f2ffcfd to dynamo table
WARNING:root:added object c820f502-b444-46ec-858c-08e259173ea9 to dynamo table
WARNING:root:added object 09602fb8-99e0-489f-8e97-396260fbb588 to dynamo table
WARNING:root:added object 03980dd9-1c96-4988-b549-1a44bc863882 to dynamo table
WARNING:root:added object ca716021-fed1-478d-8654-abbb90f89637 to dynamo table
WARNING:root:added object 1ffed631-7895-486e-b39d-27b6a0b53037 to dynamo table
WARNING:root:updated object ed7c0193-567b-410e-a9ad-7290a5a0d19c in dynamo table
WARNING:root:added object 1ffed631-7895-486e-b39d-27b6a0b53037 to dynamo table
WARNING:root:deleted object 1ffed631-7895-486e-b39d-27b6a0b53037 to dynamo table
WARNING:root:added object ed7c0193-567b-410e-a9ad-7290a5a0d19c to dynamo table
WARNING:root:added object b35dfff5-0bd5-40a5-a5a5-61231028db26 to dynamo table
WARNING:root:deleted object b35dfff5-0bd5-40a5-a5a5-61231028db26 to dynamo table
WARNING:root:added object ed9cca27-091b-4dc8-bc06-b759e75804a7 to dynamo table
WARNING:root:deleted object ed9cca27-091b-4dc8-bc06-b759e75804a7 to dynamo table
WARNING:root:added object cc98ded6-3901-4973-8e78-cc72c30b8065 to dynamo table
WARNING:root:added object 5fddde22-3de8-4abd-9298-c5b9509cc080 to dynamo table
WARNING:root:added object f85e43b3-496f-4054-ac3e-a1ff47f87e32 to dynamo table
WARNING:root:added object 77f53652-0c89-4171-84f0-204fc5cca976 to dynamo table
WARNING:root:deleted object 77f53652-0c89-4171-84f0-204fc5cca976 to dynamo table
WARNING:root:added object a27abd39-732b-40b1-954d-4fb95f159ad3 to dynamo table
WARNING:root:updated object 1c80bb84-9015-4a8e-81a9-c82ccc810906 in dynamo table
WARNING:root:added object ea067b57-f8c7-4e53-a159-d8dd1199d411 to dynamo table
WARNING:root:added object 8162163e-1f98-4dc8-9fcd-6fe26d3dc097 to dynamo table
WARNING:root:deleted object 8162163e-1f98-4dc8-9fcd-6fe26d3dc097 to dynamo table
WARNING:root:updated object 3de74149-6351-4f9b-b718-6d166f9a6c9c in dynamo table
WARNING:root:added object 8735945e-fe3a-431c-b2c2-e2f4582d4c25 to dynamo table
WARNING:root:added object c682a9a8-7930-4416-89c0-712518bce25b to dynamo table
WARNING:root:updated object 787e7ead-55a3-49f3-9e4d-22f6c168723f in dynamo table
WARNING:root:added object 3e696a71-2fd4-4d88-8fe7-18e84348fd4b to dynamo table
WARNING:root:added object d4e3024e-2a41-4705-a2e7-ea623b094ddc to dynamo table
WARNING:root:added object b1bd91db-4163-4c8f-90f0-1409250a0a3e to dynamo table
WARNING:root:added object 57d84f7a-3ad0-4880-90f8-008f7c778a6b to dynamo table
WARNING:root:updated object f85e43b3-496f-4054-ac3e-a1ff47f87e32 in dynamo table
WARNING:root:updated object 917f09aa-0328-4560-aa2d-64e5435df16b in dynamo table
WARNING:root:added object 69b78f70-fa4c-4e87-8cc1-606267c95e79 to dynamo table
WARNING:root:deleted object 69b78f70-fa4c-4e87-8cc1-606267c95e79 to dynamo table
WARNING:root:added object 9d40443c-07e2-454f-8919-64a6ecef07b3 to dynamo table
WARNING:root:added object 299c55b5-bf8a-4e80-a124-227ea966c3e9 to dynamo table
WARNING:root:added object 8c7f37fc-541f-4e68-91f4-25a9ca4543e1 to dynamo table
WARNING:root:updated object fafa6292-8175-4950-9e7d-8aad83d439ff in dynamo table
WARNING:root:updated object d4e3024e-2a41-4705-a2e7-ea623b094ddc in dynamo table
WARNING:root:added object c3cc5b35-48ed-43d4-ba7c-e0c9ddfd4880 to dynamo table
WARNING:root:added object 0635613b-8f1e-4dc5-b992-24a6d04a7d32 to dynamo table
WARNING:root:added object 12c6e098-5c33-41dc-a1be-3aee5131fc00 to dynamo table
WARNING:root:added object 5f797a55-65a5-4353-839f-3e15defe6824 to dynamo table
WARNING:root:added object 05732c89-2a92-4c15-b979-eb46aa5dca13 to dynamo table
WARNING:root:added object e6a92bf1-25d8-4371-80d6-95acacf12052 to dynamo table
WARNING:root:added object 14ea5947-088a-4053-8af3-9b27270863ba to dynamo table
WARNING:root:added object 4d3772fc-ac10-4dbd-8064-0cbef725566e to dynamo table
WARNING:root:added object 15542788-834f-4bc9-9c49-533a8b6c7fc4 to dynamo table
WARNING:root:added object 128672e7-3f46-4de7-95ea-fdda5cb2dca7 to dynamo table
WARNING:root:added object 8dafb6bf-8b4c-4298-9ee1-5317bf62829f to dynamo table
WARNING:root:added object 25053892-6248-4086-81f8-1ca9da4f6b53 to dynamo table
WARNING:root:added object a72ca8fe-74e7-4d32-b846-4581ac0003a9 to dynamo table
WARNING:root:added object 2ed10852-6e94-41a1-8993-54fbd87dcb23 to dynamo table
WARNING:root:added object 8fae6e87-017c-4e58-b9f6-d5e7625a3324 to dynamo table
WARNING:root:added object bf2b2191-4933-405d-b2f7-58f180f8c58f to dynamo table
WARNING:root:added object f300abf5-306f-4f3e-966d-9a6924c3ec66 to dynamo table
WARNING:root:added object 73d728c7-8f61-4fda-96c2-08144dd5978d to dynamo table
WARNING:root:added object 8872930b-483f-4dd6-b0c3-5595a7d9eedc to dynamo table
WARNING:root:added object 861f8236-31e4-4d81-b238-bf0557889264 to dynamo table
WARNING:root:added object 8a6c01c8-9377-4653-8486-742045928575 to dynamo table
WARNING:root:added object 6019a479-c490-42c7-849f-6d6ccc1d8304 to dynamo table
WARNING:root:added object ac973709-95e2-42e3-8d95-b61b1e132e45 to dynamo table
WARNING:root:added object 91b2b5c7-c640-4698-9942-5993758b5a29 to dynamo table
WARNING:root:updated object 6019a479-c490-42c7-849f-6d6ccc1d8304 in dynamo table
WARNING:root:added object 8d80a8e9-6af5-435c-9196-68891c60f3cd to dynamo table
WARNING:root:added object dc66a3ae-af41-4ce4-9192-e3e343969ee3 to dynamo table
WARNING:root:added object e7811194-57f2-40f0-9865-970f82391f55 to dynamo table
WARNING:root:added object 2ed10852-6e94-41a1-8993-54fbd87dcb23 to dynamo table
WARNING:root:deleted object 2ed10852-6e94-41a1-8993-54fbd87dcb23 to dynamo table
WARNING:root:added object 868e6bb5-b155-4c21-9b1d-0c72f68cf9cf to dynamo table
WARNING:root:updated object cd057fae-4e6c-4d60-aeb1-b4a1a6e1c2ce in dynamo table
WARNING:root:added object 385bb779-f80a-4867-85d1-f6792b4c86c3 to dynamo table
WARNING:root:added object 98b96b40-4156-4437-8817-6c5357740890 to dynamo table
WARNING:root:added object f4488987-9b9f-4aca-94ae-23e4afa75850 to dynamo table
WARNING:root:added object 1c7234a7-e92f-4dcd-849c-3515d72df8ac to dynamo table
WARNING:root:added object 8ff50b06-d7e2-43db-936e-7513f57933db to dynamo table
WARNING:root:added object 4dde6c73-7bdc-4862-8db0-243ad55170f5 to dynamo table
WARNING:root:added object defe1f0d-1d0c-495e-a6fe-f7940f918c84 to dynamo table
WARNING:root:added object 08a96382-97f1-44b2-bb11-592e3ac3d92b to dynamo table
WARNING:root:added object 63f46a8e-6044-49d7-b17b-55e3a4c6e30e to dynamo table
WARNING:root:updated object ec8debd1-74ce-4c28-8523-23680ba22ade in dynamo table
WARNING:root:added object f551caf8-997b-4e2d-8a31-b91e97b59eaa to dynamo table
WARNING:root:added object ec8debd1-74ce-4c28-8523-23680ba22ade to dynamo table
WARNING:root:added object ac55d872-c335-4eda-bb71-aff720ed63f9 to dynamo table
WARNING:root:deleted object ac55d872-c335-4eda-bb71-aff720ed63f9 to dynamo table
WARNING:root:added object 6427ef8c-58a8-43a0-bfd3-96944bb57498 to dynamo table
WARNING:root:added object 26ab0f5b-3b40-4f28-b848-e36ab9e68e92 to dynamo table
WARNING:root:added object 12480f6c-70f4-4613-947f-3f4a64ffa4e9 to dynamo table
WARNING:root:updated object 63f46a8e-6044-49d7-b17b-55e3a4c6e30e in dynamo table
WARNING:root:added object ee5258b1-7f34-4c6b-ab88-b8e9d45c5800 to dynamo table
WARNING:root:added object cd33a191-8df6-4fc0-998b-c1fb661dd5c1 to dynamo table
WARNING:root:added object d8f292e3-97aa-44fc-9643-ab24b9f78697 to dynamo table
WARNING:root:added object 83709851-1a30-4c6e-b80e-5c481893d3c7 to dynamo table
WARNING:root:updated object 73d728c7-8f61-4fda-96c2-08144dd5978d in dynamo table
WARNING:root:added object 84e1a75d-f97d-4462-aa43-74930764e4ec to dynamo table
WARNING:root:added object 683671f9-fb6b-4d3a-8ac6-3fbad6900619 to dynamo table
WARNING:root:deleted object 683671f9-fb6b-4d3a-8ac6-3fbad6900619 to dynamo table
WARNING:root:added object f7251382-030a-4417-8349-1aaac0c20746 to dynamo table
WARNING:root:added object 50eaa443-9114-4768-be6d-54305957df30 to dynamo table
WARNING:root:deleted object 50eaa443-9114-4768-be6d-54305957df30 to dynamo table
WARNING:root:added object 8137347d-13f3-42fe-987b-ca1b60aa9741 to dynamo table
WARNING:root:updated object 064c0da3-24a7-4064-bfb9-2c41b265763c in dynamo table
WARNING:root:added object 3c8967b1-a321-4ca3-be4e-fc6061959e5c to dynamo table
WARNING:root:added object 7003b079-f2b5-4ea9-bdd5-f245e43c5cf0 to dynamo table
WARNING:root:added object 0081cfc0-dc5c-43c7-b650-1b6c1eefff62 to dynamo table
WARNING:root:updated object 3439a3d7-a838-48a9-a421-164a4fa448de in dynamo table
WARNING:root:added object c038f636-c4c6-4b4f-af91-4699f207de0b to dynamo table
WARNING:root:added object 2dca9cac-c4b3-4e48-b2fd-095225f5fc9d to dynamo table
WARNING:root:added object 31aafb59-2392-4df0-93b6-6865006acbd5 to dynamo table
WARNING:root:added object 8c8084a7-cfbd-4a01-9049-56d78a67a24c to dynamo table
WARNING:root:added object 5bab7020-e6c9-47f6-ad12-0f61271db52a to dynamo table
WARNING:root:added object 4f75693a-c763-4706-831b-292b15a69b26 to dynamo table
WARNING:root:deleted object 4f75693a-c763-4706-831b-292b15a69b26 to dynamo table
WARNING:root:added object 89845aef-be3c-4656-b39d-2f6845ac55c1 to dynamo table
WARNING:root:updated object 9539bca2-96b7-4c0f-a1ef-f61ae84d3d0c in dynamo table
WARNING:root:added object 7a5698d3-f56d-40bd-a0bc-ca97b0eec774 to dynamo table
WARNING:root:added object 8ee60d87-9455-441b-b3a1-5adf28dbb646 to dynamo table
WARNING:root:added object 506d6d15-6334-4240-8ba3-81f53122e372 to dynamo table
WARNING:root:added object c4b9bc4a-cff7-4363-ba72-48848678a8d4 to dynamo table
WARNING:root:added object 0731c278-76a4-4d4d-b49a-2a6cdd98c92f to dynamo table
WARNING:root:added object 6c2d8b47-c6b3-4f28-825b-ce7312b5603f to dynamo table
WARNING:root:added object 6cad9107-c68d-4679-a626-8e47374861fa to dynamo table
WARNING:root:added object 270f0ef9-de55-461b-acfd-0a585207ac88 to dynamo table
WARNING:root:added object 8b2c30b1-ad53-4529-b2f9-1429cc94dcd6 to dynamo table
WARNING:root:added object ae644eac-b898-46f8-bae5-9be0b8c34cd4 to dynamo table
WARNING:root:added object 8acb0f64-f99d-4fe0-91b6-782f7f2aca9a to dynamo table
WARNING:root:added object 19b74122-c0c8-4f42-839c-e4e09548927e to dynamo table
WARNING:root:added object e0fb4dd6-956c-4517-aba3-86afcaf4f102 to dynamo table
WARNING:root:deleted object e0fb4dd6-956c-4517-aba3-86afcaf4f102 to dynamo table
WARNING:root:added object ea4c9db9-5867-4b69-b748-69fa0c696731 to dynamo table
WARNING:root:added object 10e40ac4-b784-4041-8584-780cb0e9ab87 to dynamo table
WARNING:root:deleted object 10e40ac4-b784-4041-8584-780cb0e9ab87 to dynamo table
WARNING:root:updated object 99e0f687-aad0-4192-ad69-615bdc3bbe27 in dynamo table
WARNING:root:added object 1bb4a3eb-f78e-4d70-a1b7-57c3bbec74e9 to dynamo table
WARNING:root:updated object ea4c9db9-5867-4b69-b748-69fa0c696731 in dynamo table
WARNING:root:added object 7bb263ba-acfe-4dd0-8ac9-ba98d6f76c07 to dynamo table
WARNING:root:added object 10e40ac4-b784-4041-8584-780cb0e9ab87 to dynamo table
WARNING:root:updated object 2dca9cac-c4b3-4e48-b2fd-095225f5fc9d in dynamo table
WARNING:root:updated object 2dca9cac-c4b3-4e48-b2fd-095225f5fc9d in dynamo table
WARNING:root:added object 54eae790-c6ea-4e94-8487-83af9fbff0ae to dynamo table
WARNING:root:deleted object 54eae790-c6ea-4e94-8487-83af9fbff0ae to dynamo table
WARNING:root:added object 3bccc801-9d94-471e-9795-21f3d783ee4b to dynamo table
WARNING:root:deleted object 3bccc801-9d94-471e-9795-21f3d783ee4b to dynamo table
WARNING:root:added object 27e7ff20-a71d-4bad-897a-78eadb41a212 to dynamo table
WARNING:root:updated object 89845aef-be3c-4656-b39d-2f6845ac55c1 in dynamo table
WARNING:root:added object 939e93d6-0447-45d3-b2b2-76a5bf999837 to dynamo table
WARNING:root:added object beed7047-8ec8-4c38-987f-1dc8602d9d0f to dynamo table
WARNING:root:added object 387794b0-a6f7-48a2-8539-b30461768b2f to dynamo table
WARNING:root:deleted object 387794b0-a6f7-48a2-8539-b30461768b2f to dynamo table
WARNING:root:added object dfe2dff8-3443-4564-9c81-2c8218805ec6 to dynamo table
WARNING:root:added object 9539bca2-96b7-4c0f-a1ef-f61ae84d3d0c to dynamo table
WARNING:root:deleted object 9539bca2-96b7-4c0f-a1ef-f61ae84d3d0c to dynamo table
WARNING:root:updated object 6600d10a-5867-4d69-b226-cbc39df92dbc in dynamo table
WARNING:root:updated object 01eb874e-09ba-476d-9ba7-4cc99596d9f7 in dynamo table
WARNING:root:updated object 69aaedb6-d795-4a34-b919-dff4abe4baeb in dynamo table
WARNING:root:added object 8625b31f-5620-456d-9dbd-553793adc9f0 to dynamo table
WARNING:root:added object 53abaa2f-15b9-416d-9b0b-6a1c0699e42c to dynamo table
WARNING:root:updated object 1bb4a3eb-f78e-4d70-a1b7-57c3bbec74e9 in dynamo table
