WARNING:root:added object widgets/Mary Matthews/97a457de-8046-4c0c-bd4e-b27c464771d7 to S3 bucket
WARNING:root:added object widgets/Henry Hops/b73318be-8653-4918-b22a-c6cfbdcec0ce to S3 bucket
WARNING:root:added object widgets/Henry Hops/dba4d768-8889-4635-9713-3d47b3fe1894 to S3 bucket
WARNING:root:added object widgets/Henry Hops/34525da5-7acf-4a39-bfeb-c0cf775f4598 to S3 bucket
WARNING:root:added object widgets/Sue Smith/13602ee8-ad37-434e-b581-50aad0bb5ca7 to S3 bucket
WARNING:root:added object widgets/John Jones/7f351466-211e-4df3-ae9f-84e2d0b3b501 to S3 bucket
WARNING:root:added object widgets/John Jones/df6b6659-ce30-4d1e-a4ed-90cb0de312fe to S3 bucket
WARNING:root:added object widgets/John Jones/37bbba16-74d5-4d7d-bb80-dfdffd432f9b to S3 bucket
WARNING:root:added object widgets/Mary Matthews/aae08745-650c-4b60-b00d-9f842d2bd61f to S3 bucket
WARNING:root:added object widgets/John Jones/821c29b3-604c-4e08-83ef-92c900ba9a9b to S3 bucket
WARNING:root:added object widgets/John Jones/22e0569f-09f7-4304-92b2-19e784837cb0 to S3 bucket
WARNING:root:added object widgets/Sue Smith/ceb0dd92-2c64-467c-b4d0-ee8d576d08f6 to S3 bucket
WARNING:root:added object widgets/Henry Hops/c9f9841b-e04e-44fd-aaca-3d306c7e5791 to S3 bucket
WARNING:root:added object widgets/Henry Hops/6ed45dad-f2fb-4c3c-b6a5-68418d0d10de to S3 bucket
WARNING:root:added object widgets/Henry Hops/6849a629-1791-4972-9faf-2543a2562081 to S3 bucket
WARNING:root:added object widgets/Sue Smith/e3e0c276-e6f5-4521-b2bd-f5a923ee355b to S3 bucket
WARNING:root:added object widgets/John Jones/90763c23-e4ab-4151-8f69-59ec4bd0fb6a to S3 bucket
WARNING:root:added object widgets/Sue Smith/28f9e4df-3b4a-42bd-a548-8a4a35b10ab8 to S3 bucket
WARNING:root:added object widgets/Mary Matthews/1e9a4917-f43f-46e6-aaf0-db33a32c0b46 to S3 bucket
WARNING:root:added object widgets/Sue Smith/a3d40e7e-624b-4ee4-962b-6b72e1d71b6f to S3 bucket
WARNING:root:added object widgets/Sue Smith/f11da2d7-4ab7-4416-911d-16315478b0e5 to S3 bucket
WARNING:root:added object widgets/Mary Matthews/97a457de-8046-4c0c-bd4e-b27c464771d7 to S3 bucket
INFO:botocore.credentials:Found credentials in shared credentials file: ~/.aws/credentials
WARNING:root:added object widgets/Mary Matthews/97a457de-8046-4c0c-bd4e-b27c464771d7 to S3 bucket
WARNING:root:added object widgets/Henry Hops/b73318be-8653-4918-b22a-c6cfbdcec0ce to S3 bucket
WARNING:root:added object widgets/Henry Hops/dba4d768-8889-4635-9713-3d47b3fe1894 to S3 bucket
WARNING:root:added object widgets/Henry Hops/34525da5-7acf-4a39-bfeb-c0cf775f4598 to S3 bucket
WARNING:root:added object widgets/Sue Smith/13602ee8-ad37-434e-b581-50aad0bb5ca7 to S3 bucket
WARNING:root:added object widgets/John Jones/7f351466-211e-4df3-ae9f-84e2d0b3b501 to S3 bucket
WARNING:root:added object widgets/John Jones/df6b6659-ce30-4d1e-a4ed-90cb0de312fe to S3 bucket
WARNING:root:added object widgets/John Jones/37bbba16-74d5-4d7d-bb80-dfdffd432f9b to S3 bucket
WARNING:root:added object widgets/Mary Matthews/aae08745-650c-4b60-b00d-9f842d2bd61f to S3 bucket
WARNING:root:added object widgets/John Jones/821c29b3-604c-4e08-83ef-92c900ba9a9b to S3 bucket
WARNING:root:added object widgets/John Jones/22e0569f-09f7-4304-92b2-19e784837cb0 to S3 bucket
WARNING:root:added object widgets/Sue Smith/ceb0dd92-2c64-467c-b4d0-ee8d576d08f6 to S3 bucket
WARNING:root:added object widgets/Henry Hops/c9f9841b-e04e-44fd-aaca-3d306c7e5791 to S3 bucket
WARNING:root:added object widgets/Henry Hops/6ed45dad-f2fb-4c3c-b6a5-68418d0d10de to S3 bucket
WARNING:root:added object widgets/Henry Hops/6849a629-1791-4972-9faf-2543a2562081 to S3 bucket
WARNING:root:added object widgets/Sue Smith/e3e0c276-e6f5-4521-b2bd-f5a923ee355b to S3 bucket
WARNING:root:added object widgets/John Jones/90763c23-e4ab-4151-8f69-59ec4bd0fb6a to S3 bucket
WARNING:root:added object widgets/Sue Smith/28f9e4df-3b4a-42bd-a548-8a4a35b10ab8 to S3 bucket
WARNING:root:added object widgets/Mary Matthews/1e9a4917-f43f-46e6-aaf0-db33a32c0b46 to S3 bucket
WARNING:root:added object widgets/Sue Smith/a3d40e7e-624b-4ee4-962b-6b72e1d71b6f to S3 bucket
WARNING:root:added object widgets/Sue Smith/f11da2d7-4ab7-4416-911d-16315478b0e5 to S3 bucket
WARNING:root:added object widgets/Mary Matthews/97a457de-8046-4c0c-bd4e-b27c464771d7 to S3 bucket
INFO:botocore.credentials:Found credentials in shared credentials file: ~/.aws/credentials
WARNING:root:added object widgets/John Jones/9949b902-2085-43ea-9c5f-1d874fd81482 to S3 bucket
WARNING:root:added object widgets/John Jones/e25f29a3-1d4d-4558-b0c2-dda15a677a93 to S3 bucket
WARNING:root:added object widgets/Henry Hops/a36983b3-0e4b-4489-8cad-871113a7329c to S3 bucket
WARNING:root:added object widgets/Henry Hops/048cc143-dcb7-41d4-b0ee-094133291267 to S3 bucket
WARNING:root:added object widgets/Sue Smith/ea4a7196-9590-40d6-a4ca-172d73da2742 to S3 bucket
WARNING:root:added object widgets/John Jones/9decc57b-c5e2-49a2-b673-410f12c64552 to S3 bucket
WARNING:root:added object widgets/Henry Hops/38aff43b-6cb8-497d-9304-7550fa4cab7d to S3 bucket
WARNING:root:added object widgets/Mary Matthews/894687e8-af67-49a5-b8cd-7a91dcef9bdb to S3 bucket
WARNING:root:added object widgets/Mary Matthews/3d7de6ed-e126-4473-ad9b-f3775dc33606 to S3 bucket
WARNING:root:added object widgets/Henry Hops/5cde1408-f0b6-4427-ab23-9cc1d958d643 to S3 bucket
WARNING:root:added object widgets/John Jones/58220ae7-5dd9-4778-88da-b64ef03310ba to S3 bucket
WARNING:root:added object widgets/Mary Matthews/0e09b694-f47c-4a62-8a4e-774ad0343990 to S3 bucket
WARNING:root:added object widgets/John Jones/1b8aaeaa-04f7-4768-82dc-fd691f5eeebb to S3 bucket
WARNING:root:added object widgets/John Jones/4a644034-1651-4f84-9620-7cc4c2c13d78 to S3 bucket
WARNING:root:added object widgets/Sue Smith/c81b278e-7837-402a-9560-ab08cfda34d4 to S3 bucket
WARNING:root:added object widgets/Henry Hops/6e6a55f0-b6ae-4f44-833f-cac6861d394b to S3 bucket
WARNING:root:added object widgets/Henry Hops/7a808c05-543b-47f0-84e0-d2d0473c6a33 to S3 bucket
WARNING:root:added object widgets/John Jones/a957dc19-3cf3-4614-a0ec-59c7bcfd364f to S3 bucket
WARNING:root:added object widgets/John Jones/cf4c652e-53b3-408f-8ac8-11b44c22d8c6 to S3 bucket
WARNING:root:added object widgets/John Jones/e2ef6731-f36d-47c4-b170-809bd00c4b2d to S3 bucket
WARNING:root:added object widgets/John Jones/e77f6f02-daa1-4348-8c78-0b2312418efe to S3 bucket
WARNING:root:updated object widgets/John Jones/e77f6f02-daa1-4348-8c78-0b2312418efe from S3 bucket
WARNING:root:added object widgets/Mary Matthews/4d2b4c11-cd48-4ce4-a8dc-1f0d0f00df4a to S3 bucket
WARNING:root:added object widgets/Sue Smith/e9df207e-c737-4f80-9588-8db78ff0bc0f to S3 bucket
WARNING:root:added object widgets/John Jones/ddcdc96b-9a2a-406a-9d3c-f1e90d9a8cbd to S3 bucket
WARNING:root:added object widgets/Henry Hops/117565bb-7c4c-4b63-81e2-f76a7e15d935 to S3 bucket
WARNING:root:added object widgets/John Jones/61642d68-1ab3-47b9-a39d-a5ff9af473af to S3 bucket
WARNING:root:added object widgets/John Jones/a66bfae3-0abb-4287-8fd9-66b3a4bfff66 to S3 bucket
WARNING:root:added object widgets/Mary Matthews/844a5260-4a96-4da1-9a17-01e73d5555c5 to S3 bucket
WARNING:root:added object widgets/Mary Matthews/5e4850e2-049d-4709-81ed-fd1de028eecb to S3 bucket
WARNING:root:added object widgets/John Jones/f8cbdb8a-7830-456f-972f-825592c423ef to S3 bucket
WARNING:root:added object widgets/Mary Matthews/081894fb-976b-4106-8b0e-aa581caddbee to S3 bucket
WARNING:root:added object widgets/Henry Hops/54a895d3-c242-4218-a541-2220c8153e5c to S3 bucket
WARNING:root:updated object widgets/Henry Hops/54a895d3-c242-4218-a541-2220c8153e5c from S3 bucket
WARNING:root:added object widgets/John Jones/ba99c49e-0d8d-4b82-823b-b56cbc056f73 to S3 bucket
WARNING:root:added object widgets/Mary Matthews/f5b0a7e7-3d11-4d14-afa2-a551dd6a992d to S3 bucket
WARNING:root:added object widgets/Henry Hops/4ee8f5e4-7771-47f7-8da1-7bd847412829 to S3 bucket
WARNING:root:added object widgets/Henry Hops/64df3400-45a5-492f-85be-85a478248fab to S3 bucket
WARNING:root:updated object widgets/Henry Hops/64df3400-45a5-492f-85be-85a478248fab from S3 bucket
WARNING:root:added object widgets/John Jones/262af4f2-2282-4263-9747-31946e6027ed to S3 bucket
WARNING:root:added object widgets/Sue Smith/0d9b0a3d-1b75-46cf-8a8c-828793aefbfa to S3 bucket
WARNING:root:added object widgets/Henry Hops/dcc53b31-52ac-4b70-9096-72238c1d6a20 to S3 bucket
WARNING:root:added object widgets/Sue Smith/1613e67a-e294-42f0-ba55-ac281441ba0c to S3 bucket
WARNING:root:added object widgets/Sue Smith/723dc966-3473-4531-9449-ddacf5abe9a3 to S3 bucket
WARNING:root:added object widgets/John Jones/c186dd80-c874-4a76-916f-27ee51cdc5a7 to S3 bucket
WARNING:root:added object widgets/Henry Hops/416ae866-f4bd-4f5a-9798-6a0a8b6b4c38 to S3 bucket
WARNING:root:added object widgets/Henry Hops/5a302167-4f68-4be6-a73f-ff0d13188703 to S3 bucket
WARNING:root:added object widgets/Mary Matthews/e8fe306e-bd66-4a52-b266-74e184d19b18 to S3 bucket
WARNING:root:added object widgets/Sue Smith/de8a81d5-c60e-47ff-ae7d-ab3719ce6eed to S3 bucket
WARNING:root:added object widgets/Henry Hops/476ee4f0-4073-4fcc-b115-f7a1a36c4211 to S3 bucket
WARNING:root:added object widgets/John Jones/2437b205-723a-4ac2-acf0-d50ecc7bf7e6 to S3 bucket
WARNING:root:added object widgets/John Jones/360b4357-d373-4dfc-a6c2-74ef96aea2b8 to S3 bucket
WARNING:root:added object widgets/Henry Hops/0ba04187-7afc-40aa-8946-cc153601b6dc to S3 bucket
WARNING:root:added object widgets/Mary Matthews/acae09de-a5a8-4ff7-abc3-f333f5e4bf36 to S3 bucket
WARNING:root:added object widgets/Henry Hops/2bd80a63-b6d8-4787-9602-074b31d07fa2 to S3 bucket
WARNING:root:added object widgets/Sue Smith/c6b03a91-8d53-46a4-8721-fa66b1bafdcd to S3 bucket
WARNING:root:added object widgets/Sue Smith/fea20cc7-37be-4c18-91d9-6b4cc3a8f012 to S3 bucket
WARNING:root:updated object widgets/Sue Smith/c6b03a91-8d53-46a4-8721-fa66b1bafdcd from S3 bucket
WARNING:root:updated object widgets/Sue Smith/c988f6d5-d3a7-422f-9898-cbe5db616eff from S3 bucket
WARNING:root:added object widgets/Mary Matthews/13cc4be8-a349-44ce-81ba-6149bd940751 to S3 bucket
WARNING:root:added object widgets/Mary Matthews/ddcf2c7e-f931-42f7-ab80-a13a18374c43 to S3 bucket
WARNING:root:updated object widgets/John Jones/f8cbdb8a-7830-456f-972f-825592c423ef from S3 bucket
WARNING:root:added object widgets/Henry Hops/9e63e171-fb3a-49fa-886c-be4c8b03b419 to S3 bucket
WARNING:root:added object widgets/Sue Smith/c988f6d5-d3a7-422f-9898-cbe5db616eff to S3 bucket
WARNING:root:added object widgets/Sue Smith/7eaaf5cc-6a9c-4c7f-91ae-b9aa4edde097 to S3 bucket
WARNING:root:added object widgets/Sue Smith/8d179441-3039-462c-9823-3248336e4437 to S3 bucket
WARNING:root:updated object widgets/Mary Matthews/081894fb-976b-4106-8b0e-aa581caddbee from S3 bucket
WARNING:root:added object widgets/Henry Hops/b9dfa2f7-8d9b-40ce-8141-cb52c5c4fd81 to S3 bucket
WARNING:root:added object widgets/Henry Hops/1d81ff2b-c62d-49f9-90f5-c2a79e070327 to S3 bucket
WARNING:root:updated object widgets/Sue Smith/1613e67a-e294-42f0-ba55-ac281441ba0c from S3 bucket
WARNING:root:updated object widgets/Henry Hops/4ee8f5e4-7771-47f7-8da1-7bd847412829 from S3 bucket
WARNING:root:added object widgets/Henry Hops/aa08f5ee-2607-4832-878e-1e886efcc78e to S3 bucket
WARNING:root:added object widgets/John Jones/61881b63-b96b-44c1-944d-eca2664d97bc to S3 bucket
WARNING:root:updated object widgets/Sue Smith/0d9b0a3d-1b75-46cf-8a8c-828793aefbfa from S3 bucket
WARNING:root:added object widgets/Sue Smith/ee9759bb-2422-4eba-bb33-d4448e40d126 to S3 bucket
WARNING:root:updated object widgets/John Jones/cf4c652e-53b3-408f-8ac8-11b44c22d8c6 from S3 bucket
WARNING:root:added object widgets/Henry Hops/813abe69-8122-4be6-acd9-2ec15f6bb52b to S3 bucket
WARNING:root:added object widgets/Mary Matthews/72eb39f8-13ab-43c1-839d-62bbcdcc19dc to S3 bucket
WARNING:root:added object widgets/Mary Matthews/4467eb8c-3078-4994-889d-dbfed16e10c9 to S3 bucket
WARNING:root:deleted object widgets/Sue Smith/7eaaf5cc-6a9c-4c7f-91ae-b9aa4edde097 from S3 bucket
WARNING:root:updated object widgets/Henry Hops/416ae866-f4bd-4f5a-9798-6a0a8b6b4c38 from S3 bucket
WARNING:root:added object widgets/Sue Smith/8b4c5e46-7995-44aa-8246-0c8a964373fa to S3 bucket
WARNING:root:added object widgets/John Jones/e673753e-f991-4eac-9e65-e2538a1e68ce to S3 bucket
WARNING:root:added object widgets/Henry Hops/47d2a671-f8ca-47c8-b9eb-8049ed56c4f6 to S3 bucket
WARNING:root:added object widgets/Mary Matthews/8ac77299-dd76-41f9-9153-f21c18bac8a0 to S3 bucket
WARNING:root:deleted object widgets/Sue Smith/8d179441-3039-462c-9823-3248336e4437 from S3 bucket
WARNING:root:added object widgets/Mary Matthews/1dc5f975-fe1e-4e1f-9277-809a66a581d3 to S3 bucket
WARNING:root:added object widgets/Sue Smith/0b5e2b34-4284-45d4-b680-0d2d5d7c86c8 to S3 bucket
WARNING:root:updated object widgets/Mary Matthews/8ac77299-dd76-41f9-9153-f21c18bac8a0 from S3 bucket
WARNING:root:added object widgets/Sue Smith/2057a17a-6e66-4e99-bcce-c9d5a1f48344 to S3 bucket
WARNING:root:added object widgets/John Jones/e8cdf7d5-3acc-4687-aea7-16c0ff48e530 to S3 bucket
WARNING:root:added object widgets/Sue Smith/cac06d4a-eb0c-4e9b-aa0f-8cf3ad14d3a6 to S3 bucket
WARNING:root:added object widgets/Sue Smith/91ab4d20-70b8-4846-af68-7cdacb857eb4 to S3 bucket
WARNING:root:updated object widgets/Henry Hops/813abe69-8122-4be6-acd9-2ec15f6bb52b from S3 bucket
WARNING:root:added object widgets/Henry Hops/78f48c2f-e331-4d35-acc6-70f9885a7ce5 to S3 bucket
WARNING:root:added object widgets/Henry Hops/7e3e5162-b929-47d8-9429-c1ff668b6675 to S3 bucket
WARNING:root:added object widgets/Mary Matthews/5bf7762c-1ef0-4448-acf9-77b87f590281 to S3 bucket
WARNING:root:added object widgets/John Jones/74a7ae9c-7223-443f-b594-5fb0cfccffe9 to S3 bucket
WARNING:root:added object widgets/Sue Smith/28626609-0aef-4b98-8427-0dfbae0b28c1 to S3 bucket
WARNING:root:added object widgets/Henry Hops/e4b3e67e-1b52-4360-b329-38102ac127a3 to S3 bucket
WARNING:root:added object widgets/Mary Matthews/6d2dda39-5492-4aae-8731-163b89b1f53a to S3 bucket
WARNING:root:added object widgets/Henry Hops/da5a398f-b7f0-4436-84db-9353bc9f24a8 to S3 bucket
WARNING:root:added object widgets/John Jones/783e0139-b599-428f-b9af-c012ac0ef4a8 to S3 bucket
WARNING:root:added object widgets/Sue Smith/dbc57d74-bdf2-4033-9a97-bc5ca30af202 to S3 bucket
WARNING:root:added object widgets/Henry Hops/47195c2a-df06-4c86-954a-4b5d5c6052fe to S3 bucket
WARNING:root:added object widgets/Henry Hops/8ecf5f96-ff93-4487-aa9d-671472e73cca to S3 bucket
WARNING:root:added object widgets/John Jones/57e10048-f810-4dc0-91f5-fd7f45859b77 to S3 bucket
WARNING:root:added object widgets/Sue Smith/02e0006e-17f0-4d28-ba6f-92621ad2ed9c to S3 bucket
WARNING:root:updated object widgets/Sue Smith/a85358f1-deb8-4595-9e78-a460d7c49a82 from S3 bucket
WARNING:root:added object widgets/Mary Matthews/a6408b97-2ab6-4c16-947e-cfc3f15680f0 to S3 bucket
WARNING:root:added object widgets/Henry Hops/a3a1823c-bd47-4441-8d84-d84cde8fb5fb to S3 bucket
WARNING:root:added object widgets/Sue Smith/a55cb848-2e16-4d4f-b233-bf365fa0df7b to S3 bucket
WARNING:root:added object widgets/John Jones/55490a6e-8ade-4a22-becb-4dea358691d1 to S3 bucket
WARNING:root:added object widgets/Henry Hops/ef062f1f-cdfe-460f-ad3c-da52b1cc5d9e to S3 bucket
WARNING:root:added object widgets/Sue Smith/d7e4b2e1-a77c-4810-aa7c-0f3e53294b80 to S3 bucket
WARNING:root:added object widgets/John Jones/7f80636b-29dd-4117-9a64-02cc2ed6c2f8 to S3 bucket
WARNING:root:added object widgets/Henry Hops/7782f2b2-eeaa-4044-968f-7b64ab5e733f to S3 bucket
WARNING:root:updated object widgets/Henry Hops/7782f2b2-eeaa-4044-968f-7b64ab5e733f from S3 bucket
WARNING:root:added object widgets/Henry Hops/60798c75-173d-4388-80ed-2ebc181a99cf to S3 bucket
WARNING:root:added object widgets/Mary Matthews/a9de4792-20d7-410a-98e3-63d7052c6698 to S3 bucket
WARNING:root:added object widgets/Mary Matthews/c090fee2-0daf-41ba-8c63-2fc665701dcc to S3 bucket
WARNING:root:added object widgets/John Jones/71f2c2de-9243-4e76-85b8-389cf03f36ae to S3 bucket
WARNING:root:added object widgets/Henry Hops/845ef0c5-af00-4c6d-9165-7b9c56a32846 to S3 bucket
WARNING:root:added object widgets/Mary Matthews/e2309427-6846-4ae0-9d49-0adfa0a0f77f to S3 bucket
WARNING:root:updated object widgets/Sue Smith/a85358f1-deb8-4595-9e78-a460d7c49a82 from S3 bucket
WARNING:root:added object widgets/Henry Hops/5f17c39a-6155-4221-98a1-9ffed27297ee to S3 bucket
WARNING:root:added object widgets/Mary Matthews/99737acb-628a-4683-8fe9-e0ca32c57f93 to S3 bucket
WARNING:root:added object widgets/Henry Hops/8680e14e-a87d-41df-9e41-943fddfd1fe8 to S3 bucket
WARNING:root:added object widgets/Sue Smith/3c3f0703-5c25-4cb6-aec3-848c2e5f2a19 to S3 bucket
WARNING:root:added object widgets/Henry Hops/eb9d3885-8239-47cf-bbb1-dd6d9319bc60 to S3 bucket
WARNING:root:updated object widgets/Mary Matthews/c090fee2-0daf-41ba-8c63-2fc665701dcc from S3 bucket
WARNING:root:added object widgets/John Jones/395271b3-afa6-43b3-af96-54c5f56e379e to S3 bucket
WARNING:root:updated object widgets/John Jones/71025191-711c-4f7f-a5c7-d2fdf6c58206 from S3 bucket
WARNING:root:added object widgets/Sue Smith/8fe7c7b9-3968-42f9-98aa-a7bb7b451db6 to S3 bucket
WARNING:root:added object widgets/Mary Matthews/74f514f4-0596-47e3-9d74-0ee7faff67b8 to S3 bucket
WARNING:root:added object widgets/Mary Matthews/bc80f2e4-3673-4d3f-8c6c-2530157cc133 to S3 bucket
WARNING:root:updated object widgets/Henry Hops/b1b1ea78-491a-4184-9de3-a37a18cfd9cd from S3 bucket
WARNING:root:updated object widgets/Henry Hops/da5a398f-b7f0-4436-84db-9353bc9f24a8 from S3 bucket
WARNING:root:updated object widgets/John Jones/71f2c2de-9243-4e76-85b8-389cf03f36ae from S3 bucket
WARNING:root:added object widgets/Mary Matthews/848242c0-0cdc-4e44-884e-6120bf9e3a48 to S3 bucket
WARNING:root:updated object widgets/Sue Smith/d7e4b2e1-a77c-4810-aa7c-0f3e53294b80 from S3 bucket
WARNING:root:deleted object widgets/Sue Smith/a55cb848-2e16-4d4f-b233-bf365fa0df7b from S3 bucket
WARNING:root:deleted object widgets/Sue Smith/d7e4b2e1-a77c-4810-aa7c-0f3e53294b80 from S3 bucket
WARNING:root:added object widgets/John Jones/f23ffcfd-e287-4a65-bc42-6bbe186e8d4a to S3 bucket
WARNING:root:added object widgets/John Jones/59cf381c-2c49-47d2-ab42-39870bef8999 to S3 bucket
WARNING:root:added object widgets/Sue Smith/0675a11c-f75b-4e99-a430-16547fc59d2b to S3 bucket
WARNING:root:added object widgets/Henry Hops/b1102443-55f2-483f-b6e0-dbbab3740359 to S3 bucket
WARNING:root:added object widgets/Henry Hops/f39fb224-fffb-440d-86f6-0ac403dae1a3 to S3 bucket
WARNING:root:added object widgets/Mary Matthews/3d2b9c63-4914-433d-90f6-ebe6f719cd9b to S3 bucket
WARNING:root:updated object widgets/Sue Smith/3c3f0703-5c25-4cb6-aec3-848c2e5f2a19 from S3 bucket
WARNING:root:added object widgets/Sue Smith/2c7b6e50-dbcc-4ce2-9b63-f1acd1af57db to S3 bucket
WARNING:root:added object widgets/Sue Smith/a85358f1-deb8-4595-9e78-a460d7c49a82 to S3 bucket
WARNING:root:added object widgets/Mary Matthews/8811c3a3-140e-4663-9763-0fd6d28a5653 to S3 bucket
WARNING:root:added object widgets/John Jones/71025191-711c-4f7f-a5c7-d2fdf6c58206 to S3 bucket
WARNING:root:added object widgets/Henry Hops/3c61f981-9f5f-4937-b553-f9f34b22a1d1 to S3 bucket
WARNING:root:added object widgets/Henry Hops/b1b1ea78-491a-4184-9de3-a37a18cfd9cd to S3 bucket
WARNING:root:added object widgets/Sue Smith/90e79506-fb88-4da3-a839-a43814aabbd2 to S3 bucket
WARNING:root:added object widgets/Mary Matthews/767dec89-f94a-4635-9de3-39e7db75f3d2 to S3 bucket
WARNING:root:added object widgets/Sue Smith/a8eacb98-d76b-447a-896c-0b65d47b8aea to S3 bucket
WARNING:root:added object widgets/Mary Matthews/3511b3ba-eccb-49c8-82a5-ecf9236bfab7 to S3 bucket
WARNING:root:added object widgets/John Jones/fc481619-792a-4aa6-a732-a635ae5d6f73 to S3 bucket
WARNING:root:added object widgets/John Jones/4866614e-1a4c-4343-90b3-6a422ae4800e to S3 bucket
WARNING:root:added object widgets/Mary Matthews/5a58fa04-751e-4382-91c7-61a44d3ec698 to S3 bucket
WARNING:root:added object widgets/John Jones/2b674944-3794-4dd4-88c6-a1955d03cb10 to S3 bucket
WARNING:root:added object widgets/Henry Hops/518ea662-5e76-487e-bf4b-8f356aaa8267 to S3 bucket
WARNING:root:updated object widgets/Henry Hops/ef062f1f-cdfe-460f-ad3c-da52b1cc5d9e from S3 bucket
WARNING:root:added object widgets/Sue Smith/4bdfdd13-6bef-49c7-98c5-1b65b3fbb7a1 to S3 bucket
WARNING:root:added object widgets/Sue Smith/9d7faa25-127b-4d7a-b443-bfb3c6fa82a3 to S3 bucket
WARNING:root:added object widgets/Mary Matthews/b6bf4f80-d89e-4b71-bcd3-391ce503185d to S3 bucket
WARNING:root:added object widgets/Mary Matthews/2ce94b20-66a0-4f89-bd7f-a9379795695e to S3 bucket
WARNING:root:added object widgets/Henry Hops/010b628a-fdfd-4096-b917-9eb37c7ceb10 to S3 bucket
WARNING:root:deleted object widgets/Sue Smith/dbc57d74-bdf2-4033-9a97-bc5ca30af202 from S3 bucket
WARNING:root:updated object widgets/Sue Smith/2c7b6e50-dbcc-4ce2-9b63-f1acd1af57db from S3 bucket
WARNING:root:updated object widgets/Sue Smith/0675a11c-f75b-4e99-a430-16547fc59d2b from S3 bucket
WARNING:root:added object widgets/John Jones/9f6bfce4-4aaf-4704-a07c-fe769807f073 to S3 bucket
WARNING:root:added object widgets/Sue Smith/c7974d6c-f4b5-4a57-8130-ea570f333ac2 to S3 bucket
WARNING:root:added object widgets/John Jones/8553e573-031f-4b0f-b93e-5848c7bbe82b to S3 bucket
WARNING:root:added object widgets/Sue Smith/583b4c48-73a3-41ca-b401-1a2931f87ee7 to S3 bucket
WARNING:root:added object widgets/Sue Smith/b3a8dfe8-6321-40e2-b978-fe6fb78edd27 to S3 bucket
WARNING:root:added object widgets/Mary Matthews/260ce661-bc03-4843-aba5-fde52590b7ec to S3 bucket
WARNING:root:added object widgets/Henry Hops/f18421ba-d4e9-4e26-9b5c-6f34d09c7a21 to S3 bucket
WARNING:root:updated object widgets/Sue Smith/3c3f0703-5c25-4cb6-aec3-848c2e5f2a19 from S3 bucket
WARNING:root:updated object widgets/Henry Hops/60798c75-173d-4388-80ed-2ebc181a99cf from S3 bucket
WARNING:root:added object widgets/Mary Matthews/43986c10-2e92-4b23-ad41-cfd7fbfb71f0 to S3 bucket
WARNING:root:deleted object widgets/Mary Matthews/99737acb-628a-4683-8fe9-e0ca32c57f93 from S3 bucket
WARNING:root:added object widgets/Henry Hops/ca866e63-6804-4697-9585-4a036a122814 to S3 bucket
WARNING:root:updated object widgets/Henry Hops/7e3e5162-b929-47d8-9429-c1ff668b6675 from S3 bucket
WARNING:root:added object widgets/Mary Matthews/fb131cb6-d95b-460a-89ad-b0a6fd8c9891 to S3 bucket
WARNING:root:added object widgets/Henry Hops/f3c01510-f425-4341-8b7b-d8581ed1af19 to S3 bucket
WARNING:root:added object widgets/Mary Matthews/d06feb17-6433-415f-9e33-e625c515606b to S3 bucket
WARNING:root:added object widgets/John Jones/aed9eeb0-a1b6-40a1-8ba9-322322dbd3d4 to S3 bucket
WARNING:root:updated object widgets/John Jones/7f80636b-29dd-4117-9a64-02cc2ed6c2f8 from S3 bucket
WARNING:root:updated object widgets/John Jones/7f80636b-29dd-4117-9a64-02cc2ed6c2f8 from S3 bucket
WARNING:root:updated object widgets/John Jones/fc481619-792a-4aa6-a732-a635ae5d6f73 from S3 bucket
WARNING:root:added object widgets/Mary Matthews/bd59f386-efbf-4073-b386-a2828dc60167 to S3 bucket
WARNING:root:added object widgets/Henry Hops/a7419e5d-94b4-4438-8ec6-77cf1e853932 to S3 bucket
WARNING:root:added object widgets/Mary Matthews/0591ce60-2e07-4b03-8fe8-ebcda9535aa3 to S3 bucket
WARNING:root:added object widgets/Sue Smith/bf6b7c64-7533-4b44-8057-f3d44bb44a24 to S3 bucket
WARNING:root:added object widgets/Henry Hops/42dd3337-f56b-4b49-be38-3e3a75add4bc to S3 bucket
WARNING:root:added object widgets/Mary Matthews/094f229a-6c59-430f-9794-a8b160679d59 to S3 bucket
WARNING:root:added object widgets/Mary Matthews/2531ce70-7026-45bd-80a2-a36d53a86b09 to S3 bucket
WARNING:root:added object widgets/Mary Matthews/356aa645-bc74-4bcb-b4e2-aeea0885fa4c to S3 bucket
WARNING:root:added object widgets/Henry Hops/6e7c1029-2793-406d-be9c-772cc1233ccf to S3 bucket
WARNING:root:added object widgets/Mary Matthews/9212e91f-0029-4215-a60b-4316a2124efd to S3 bucket
WARNING:root:added object widgets/John Jones/09e4de47-5c23-4773-ba26-2f5ff88a57d6 to S3 bucket
WARNING:root:added object widgets/Henry Hops/3825d60e-1cd7-4e04-9d5c-8e5ca2df3463 to S3 bucket
WARNING:root:added object widgets/Mary Matthews/5cc696d8-d4ca-4028-8fbb-2dff8983269f to S3 bucket
WARNING:root:added object widgets/Henry Hops/286fd001-62c7-4d2e-9ad9-e557a6c6ef2b to S3 bucket
WARNING:root:added object widgets/John Jones/e580c5bc-a3f6-4db6-bead-f59c8dfe6d26 to S3 bucket
WARNING:root:added object widgets/Sue Smith/4a292f05-b80e-467f-9514-cff516c43003 to S3 bucket
WARNING:root:added object widgets/Sue Smith/e5608e19-961c-4397-a331-9ef5877f9aba to S3 bucket
WARNING:root:added object widgets/Sue Smith/8a471e81-6813-4da8-ab1c-4fe81ba16fb4 to S3 bucket
WARNING:root:added object widgets/Sue Smith/0f59080f-b571-4b2a-845a-901306237b7a to S3 bucket
WARNING:root:added object widgets/John Jones/562fb999-2977-4623-85fa-3ebc43aff4eb to S3 bucket
WARNING:root:added object widgets/Henry Hops/c62c7755-fecc-4ce3-9db9-a6809455da66 to S3 bucket
WARNING:root:added object widgets/Henry Hops/ecafca22-f835-47ff-a946-364962a628d3 to S3 bucket
WARNING:root:added object widgets/Sue Smith/851caac0-2528-4c88-9e13-b1d2cc1d075b to S3 bucket
WARNING:root:added object widgets/John Jones/041cb27e-41b3-4117-9b24-cefabec5e538 to S3 bucket
WARNING:root:added object widgets/Henry Hops/886f5534-648b-4fab-b3bf-116a493bf611 to S3 bucket
WARNING:root:added object widgets/Henry Hops/7841e8a8-52c2-46cd-a90f-8873cf6d9a9c to S3 bucket
WARNING:root:added object widgets/Henry Hops/c2e3f125-2186-4b96-93e7-afc77e3328f4 to S3 bucket
WARNING:root:updated object widgets/Sue Smith/4f3d8a76-77b4-450c-b124-fe92dc3f561e from S3 bucket
WARNING:root:added object widgets/Henry Hops/c3a0a4ce-8776-4730-b548-25e0a8c58e9b to S3 bucket
WARNING:root:added object widgets/Sue Smith/4f3d8a76-77b4-450c-b124-fe92dc3f561e to S3 bucket
WARNING:root:added object widgets/Henry Hops/227089ad-9651-4308-8782-4427e83ae3b4 to S3 bucket
WARNING:root:added object widgets/Mary Matthews/a53bbce4-4b48-4077-8aa0-ed0db099bd6a to S3 bucket
WARNING:root:added object widgets/Sue Smith/f1f40c33-d72f-4017-bca2-53d6c04c53b4 to S3 bucket
WARNING:root:added object widgets/Mary Matthews/ec0c9dc2-e991-4b53-86c1-7cb84d0408ca to S3 bucket
WARNING:root:added object widgets/Mary Matthews/1c0db2af-ce04-45e1-84f7-c643c2bf0b9a to S3 bucket
WARNING:root:added object widgets/Sue Smith/e30edae7-6b59-4015-bd4b-c138171fb148 to S3 bucket
WARNING:root:added object widgets/John Jones/c5fbcae5-3adb-42c4-8891-b8e28b87e22b to S3 bucket
WARNING:root:added object widgets/John Jones/c8f12159-d926-4fd2-b367-f5f657b6ec79 to S3 bucket
WARNING:root:added object widgets/Henry Hops/65537628-55b2-48f5-a3c4-8161125bbb47 to S3 bucket
WARNING:root:added object widgets/Mary Matthews/5683fd96-a9b6-4513-bccb-64043d983cee to S3 bucket
WARNING:root:added object widgets/John Jones/7111ff93-b125-4dde-85d9-0c32564b6e78 to S3 bucket
WARNING:root:added object widgets/John Jones/d454392c-e3e5-415c-bc3a-254cf06a3ab9 to S3 bucket
WARNING:root:updated object widgets/Mary Matthews/5cc696d8-d4ca-4028-8fbb-2dff8983269f from S3 bucket
WARNING:root:added object widgets/Henry Hops/cd386600-c8cb-4ea3-a652-17ee9c878a52 to S3 bucket
WARNING:root:deleted object widgets/Sue Smith/4f3d8a76-77b4-450c-b124-fe92dc3f561e from S3 bucket
WARNING:root:updated object widgets/Henry Hops/3825d60e-1cd7-4e04-9d5c-8e5ca2df3463 from S3 bucket
WARNING:root:added object widgets/Mary Matthews/e8c44a26-dfa0-45e9-b881-4364b323f03d to S3 bucket
WARNING:root:added object widgets/John Jones/a903a5b9-fe62-46d9-9903-1152fd5dd038 to S3 bucket
WARNING:root:added object widgets/Henry Hops/40d05947-6ddc-4330-9cdc-b9abf1f687ff to S3 bucket
WARNING:root:updated object widgets/Mary Matthews/1c0db2af-ce04-45e1-84f7-c643c2bf0b9a from S3 bucket
WARNING:root:added object widgets/John Jones/e96b30db-37f3-433b-8475-4a413c81a11a to S3 bucket
WARNING:root:added object widgets/John Jones/60e5d546-c84d-4c8a-afc8-4f1b8d1721fd to S3 bucket
WARNING:root:added object widgets/John Jones/1cb3ca9e-7458-4724-9420-e7455f318a9c to S3 bucket
WARNING:root:added object widgets/John Jones/56402655-bbc1-4c3c-83b5-e446c3ef6b7a to S3 bucket
WARNING:root:added object widgets/Sue Smith/8cc8655a-780c-4dc6-b80d-283011c07f24 to S3 bucket
WARNING:root:added object widgets/Mary Matthews/c5e84224-9947-45fa-90c1-737db5591544 to S3 bucket
WARNING:root:deleted object widgets/John Jones/90850962-b8d1-4dee-98a7-a6fc009aff2e from S3 bucket
WARNING:root:added object widgets/Henry Hops/bf624408-1903-45ce-afda-67176cd4ba76 to S3 bucket
WARNING:root:added object widgets/Sue Smith/bce7e183-ee1d-40e0-940d-b28d824e58fa to S3 bucket
WARNING:root:deleted object widgets/Henry Hops/42dd3337-f56b-4b49-be38-3e3a75add4bc from S3 bucket
WARNING:root:added object widgets/Henry Hops/b62f5375-30bc-4e1c-b59a-0c98a43243c0 to S3 bucket
WARNING:root:added object widgets/Henry Hops/1e206c4e-1abb-49ae-bb28-67f021a62871 to S3 bucket
WARNING:root:added object widgets/Henry Hops/524e1a32-864a-4527-9240-85318420a368 to S3 bucket
WARNING:root:updated object widgets/Mary Matthews/094f229a-6c59-430f-9794-a8b160679d59 from S3 bucket
WARNING:root:deleted object widgets/Mary Matthews/0591ce60-2e07-4b03-8fe8-ebcda9535aa3 from S3 bucket
WARNING:root:updated object widgets/Henry Hops/3825d60e-1cd7-4e04-9d5c-8e5ca2df3463 from S3 bucket
WARNING:root:added object widgets/John Jones/90850962-b8d1-4dee-98a7-a6fc009aff2e to S3 bucket
WARNING:root:added object widgets/John Jones/d5aa4e70-de76-424a-ad09-685733a483d3 to S3 bucket
WARNING:root:added object widgets/John Jones/6a8d6e87-a6e1-4730-9aab-60e3b5cf13e9 to S3 bucket
WARNING:root:added object widgets/Mary Matthews/10eefbde-9dd3-4ddf-95d8-88c8d0c99bf6 to S3 bucket
WARNING:root:added object widgets/Mary Matthews/40228e1a-7aad-4c61-a157-2c86c2735cf1 to S3 bucket
WARNING:root:updated object widgets/Mary Matthews/5cc696d8-d4ca-4028-8fbb-2dff8983269f from S3 bucket
WARNING:root:deleted object widgets/Sue Smith/4a292f05-b80e-467f-9514-cff516c43003 from S3 bucket
WARNING:root:added object widgets/John Jones/cf63f25b-f9d0-484a-9e89-1897d8bc0043 to S3 bucket
WARNING:root:added object widgets/Mary Matthews/86638948-1586-46ff-8416-4c35694f7f0b to S3 bucket
WARNING:root:added object widgets/John Jones/3db9adc9-ed00-4d6a-970e-174cf4acba49 to S3 bucket
WARNING:root:deleted object widgets/Henry Hops/227089ad-9651-4308-8782-4427e83ae3b4 from S3 bucket
WARNING:root:updated object widgets/Henry Hops/bf624408-1903-45ce-afda-67176cd4ba76 from S3 bucket
WARNING:root:updated object widgets/Henry Hops/a7419e5d-94b4-4438-8ec6-77cf1e853932 from S3 bucket
WARNING:root:added object widgets/Sue Smith/daf04927-27e7-47d1-99f0-bf8fb58c0039 to S3 bucket
WARNING:root:added object widgets/Sue Smith/694dccf0-c4f4-497e-8ca9-2d5d3c334267 to S3 bucket
WARNING:root:added object widgets/Mary Matthews/2aa56d29-c0a8-42a4-bef2-813326b7f73c to S3 bucket
WARNING:root:deleted object widgets/Henry Hops/b62f5375-30bc-4e1c-b59a-0c98a43243c0 from S3 bucket
WARNING:root:added object widgets/Henry Hops/f83be090-8643-4217-a3cc-3881df7d23fb to S3 bucket
WARNING:root:added object widgets/Henry Hops/6137a652-3c1d-4300-b560-63c3d4b0fad0 to S3 bucket
WARNING:root:updated object widgets/John Jones/041cb27e-41b3-4117-9b24-cefabec5e538 from S3 bucket
WARNING:root:added object widgets/Henry Hops/4e96a4e6-d3e4-488f-bb1b-bcc8e929953d to S3 bucket
WARNING:root:added object widgets/John Jones/a018ce4f-0256-4c39-8edf-2f33324d20a8 to S3 bucket
WARNING:root:added object widgets/John Jones/abc91c01-4c2f-4337-ac4b-8205c7c31af7 to S3 bucket
WARNING:root:added object widgets/Henry Hops/1e5ad0a0-769b-4c38-a005-a6468fe4b0af to S3 bucket
WARNING:root:added object widgets/John Jones/8ba49373-44e9-43d5-95d6-6f215b2c27d8 to S3 bucket
WARNING:root:added object widgets/John Jones/bb534681-745a-4a73-bc9b-b546f99b96ea to S3 bucket
WARNING:root:updated object widgets/Henry Hops/ecafca22-f835-47ff-a946-364962a628d3 from S3 bucket
WARNING:root:added object widgets/Henry Hops/c9afb104-bfb0-42a0-8d2a-f539f48183a9 to S3 bucket
WARNING:root:added object widgets/Sue Smith/63b58970-d994-4890-a465-afbdb8e5bfa6 to S3 bucket
WARNING:root:updated object widgets/Sue Smith/e30edae7-6b59-4015-bd4b-c138171fb148 from S3 bucket
WARNING:root:updated object widgets/John Jones/562fb999-2977-4623-85fa-3ebc43aff4eb from S3 bucket
WARNING:root:deleted object widgets/Mary Matthews/40228e1a-7aad-4c61-a157-2c86c2735cf1 from S3 bucket
WARNING:root:updated object widgets/Mary Matthews/c5e84224-9947-45fa-90c1-737db5591544 from S3 bucket
WARNING:root:added object widgets/Sue Smith/009a36c5-45cb-4d16-bbc3-786d4db5a747 to S3 bucket
WARNING:root:deleted object widgets/John Jones/56402655-bbc1-4c3c-83b5-e446c3ef6b7a from S3 bucket
WARNING:root:added object widgets/John Jones/ede1c92a-f033-46ff-b5f0-5bc52a707138 to S3 bucket
WARNING:root:added object widgets/Henry Hops/0408f7c3-5daa-48d5-a766-8a5709d4d6c9 to S3 bucket
WARNING:root:added object widgets/Henry Hops/29654283-0d72-45c4-8f83-b9bb4bbca4ed to S3 bucket
WARNING:root:added object widgets/John Jones/e3254e88-1264-4177-ae9b-0a89056d688e to S3 bucket
WARNING:root:added object widgets/John Jones/5cbee918-4471-4d2e-a54e-cc48fbc5c761 to S3 bucket
WARNING:root:added object widgets/John Jones/d19e51aa-6a06-4add-aa10-f42fc359bcfe to S3 bucket
WARNING:root:added object widgets/Sue Smith/0fefad6b-d52a-416c-9955-294cbf366845 to S3 bucket
WARNING:root:added object widgets/John Jones/990f861e-c62b-41d1-874d-a1a58cdfe93e to S3 bucket
WARNING:root:added object widgets/John Jones/6345dcb8-63f7-4dbf-b270-4e5de16d752c to S3 bucket
WARNING:root:added object widgets/Mary Matthews/7079232a-72e5-403d-b591-a79ca2ad1c6c to S3 bucket
WARNING:root:added object widgets/John Jones/9973dcce-8756-4b2e-9575-fb982c1ee7d9 to S3 bucket
WARNING:root:added object widgets/Sue Smith/a1824e11-1dce-4fd4-ad91-bec48dc1b557 to S3 bucket
WARNING:root:added object widgets/Mary Matthews/7b56029c-69e1-4b96-834c-611cbb55cc4b to S3 bucket
WARNING:root:added object widgets/Sue Smith/9a82a6e5-cde3-4ec8-a728-33659ec4ca63 to S3 bucket
WARNING:root:added object widgets/Mary Matthews/7351d0c6-7bb6-47ee-9b1c-1987a8822567 to S3 bucket
WARNING:root:added object widgets/John Jones/5179f6fb-b6ff-41b6-9c8e-3ac9cab706ec to S3 bucket
WARNING:root:added object widgets/John Jones/f175292a-6c54-45f3-83e0-1314f14d8ef5 to S3 bucket
WARNING:root:added object widgets/Henry Hops/f0d85a5a-fa59-41d6-89d8-19a76967826e to S3 bucket
WARNING:root:added object widgets/Sue Smith/de5a5ce2-8515-4c80-a6be-7476e55fa0d1 to S3 bucket
WARNING:root:added object widgets/Sue Smith/c156e813-3075-4d75-91d5-dc42c4ce2f2a to S3 bucket
WARNING:root:added object widgets/John Jones/07abbf0d-9875-45a2-a1a7-8b8ddbab0f17 to S3 bucket
WARNING:root:added object widgets/Sue Smith/e01e351c-d0b9-4515-9e4a-79647da1290e to S3 bucket
WARNING:root:added object widgets/Mary Matthews/4018221b-9cde-47f9-846e-59f24f357318 to S3 bucket
WARNING:root:added object widgets/John Jones/83ddef92-ab22-4539-8e2d-dcb529d9dae4 to S3 bucket
WARNING:root:added object widgets/Sue Smith/28ab0c1a-c7e2-4590-b42b-974434750ef0 to S3 bucket
WARNING:root:updated object widgets/John Jones/2249f12e-d19c-49e9-a770-656624a3b470 from S3 bucket
WARNING:root:added object widgets/John Jones/b174d118-cc14-436f-8675-e2ea0e8697a5 to S3 bucket
WARNING:root:added object widgets/Sue Smith/e4721180-b4d2-4e74-9f39-d50cfce18ec3 to S3 bucket
WARNING:root:updated object widgets/Sue Smith/c156e813-3075-4d75-91d5-dc42c4ce2f2a from S3 bucket
WARNING:root:added object widgets/Henry Hops/8c07ff3f-2114-4c67-8507-c98ed42480e0 to S3 bucket
WARNING:root:added object widgets/John Jones/754c084a-3690-419d-88b2-747099e60af7 to S3 bucket
WARNING:root:updated object widgets/Henry Hops/0408f7c3-5daa-48d5-a766-8a5709d4d6c9 from S3 bucket
WARNING:root:added object widgets/Sue Smith/5b4b8633-ef3c-44a9-9c08-c2e14c93c1de to S3 bucket
WARNING:root:added object widgets/John Jones/75abc2da-4fff-429a-a02d-9ebd06a6f4d3 to S3 bucket
WARNING:root:added object widgets/Henry Hops/182a5fcb-ba94-404e-b4cd-e8d31d975381 to S3 bucket
WARNING:root:added object widgets/Henry Hops/2b27cbf7-568c-4412-a155-25a4afe777d8 to S3 bucket
WARNING:root:added object widgets/John Jones/637fedbe-d104-4933-8d51-780a2fb9da3c to S3 bucket
WARNING:root:added object widgets/John Jones/c410841e-8335-455c-9f84-10024871eeef to S3 bucket
WARNING:root:added object widgets/Sue Smith/c2e88b2e-00c0-4c48-9370-c0d8ef901b96 to S3 bucket
WARNING:root:added object widgets/Henry Hops/aa8a947a-fdaa-40f0-aea6-c0232b291eeb to S3 bucket
WARNING:root:added object widgets/John Jones/2249f12e-d19c-49e9-a770-656624a3b470 to S3 bucket
WARNING:root:updated object widgets/Sue Smith/9a82a6e5-cde3-4ec8-a728-33659ec4ca63 from S3 bucket
WARNING:root:added object widgets/Mary Matthews/edc98c93-369c-40ee-99cd-8f56814ebdb8 to S3 bucket
WARNING:root:added object widgets/Mary Matthews/783bbd8b-0655-4e64-910e-fed2d9dd8f40 to S3 bucket
WARNING:root:added object widgets/Sue Smith/4cf71203-13f1-4df2-af16-cffa7d3751ec to S3 bucket
WARNING:root:updated object widgets/Mary Matthews/12bd610f-f0a1-4316-b83a-e90573e892e5 from S3 bucket
WARNING:root:deleted object widgets/Sue Smith/e4721180-b4d2-4e74-9f39-d50cfce18ec3 from S3 bucket
WARNING:root:added object widgets/John Jones/eb86f9ee-d967-48aa-9163-bd69e08b1bb5 to S3 bucket
WARNING:root:added object widgets/Mary Matthews/66c3e4dd-a70c-4e30-8705-7bb4ef8d17d6 to S3 bucket
WARNING:root:added object widgets/Mary Matthews/7c804f7c-ea50-4b38-bb5b-c4a475332389 to S3 bucket
WARNING:root:added object widgets/Henry Hops/d742ec73-ed3b-48c9-bd26-b8fdac1137c6 to S3 bucket
WARNING:root:updated object widgets/John Jones/f175292a-6c54-45f3-83e0-1314f14d8ef5 from S3 bucket
WARNING:root:added object widgets/Henry Hops/f8fc0263-84f9-4c92-b603-1f627e670d42 to S3 bucket
WARNING:root:added object widgets/Mary Matthews/12bd610f-f0a1-4316-b83a-e90573e892e5 to S3 bucket
WARNING:root:added object widgets/Henry Hops/643d5bb8-4e1a-4ca6-b24f-d9a785e59e40 to S3 bucket
WARNING:root:added object widgets/Henry Hops/b947934d-1ed4-41db-8c9e-910a41e580b2 to S3 bucket
WARNING:root:updated object widgets/Sue Smith/5b4b8633-ef3c-44a9-9c08-c2e14c93c1de from S3 bucket
WARNING:root:added object widgets/John Jones/6936ce9e-a2cc-46b8-b547-98ac55911ef1 to S3 bucket
WARNING:root:updated object widgets/Sue Smith/e4721180-b4d2-4e74-9f39-d50cfce18ec3 from S3 bucket
WARNING:root:added object widgets/Mary Matthews/a44c5908-c2a3-4fb2-80e9-22f5b07263e5 to S3 bucket
WARNING:root:added object widgets/Mary Matthews/5c6c1584-70ce-4aaa-94f2-bb247aba1ee8 to S3 bucket
WARNING:root:added object widgets/Mary Matthews/9a224564-4d75-4809-b522-20a868e8144e to S3 bucket
WARNING:root:added object widgets/John Jones/ca80a697-a1fe-4400-b09c-640fd08c890d to S3 bucket
WARNING:root:added object widgets/John Jones/70001808-2ad2-4476-bf56-b521146652fc to S3 bucket
WARNING:root:updated object widgets/Mary Matthews/a44c5908-c2a3-4fb2-80e9-22f5b07263e5 from S3 bucket
WARNING:root:updated object widgets/Sue Smith/e4721180-b4d2-4e74-9f39-d50cfce18ec3 from S3 bucket
WARNING:root:updated object widgets/Henry Hops/8c07ff3f-2114-4c67-8507-c98ed42480e0 from S3 bucket
WARNING:root:added object widgets/Henry Hops/a693c516-b241-4dd0-b5a9-5c1745b359db to S3 bucket
WARNING:root:added object widgets/Mary Matthews/dd33672e-1eb4-4f43-af43-1fd6b72f0c72 to S3 bucket
WARNING:root:updated object widgets/Henry Hops/96b20053-9222-4cd1-9d79-9ac5a2db75b1 from S3 bucket
WARNING:root:deleted object widgets/John Jones/6c588dd5-1ab2-4227-9494-45c609bff5a8 from S3 bucket
WARNING:root:added object widgets/Sue Smith/ae39598d-3cdb-4f5d-aec6-0bb0ef1c485e to S3 bucket
WARNING:root:added object widgets/Mary Matthews/0614664f-dcf3-419b-a406-ad4444c78da3 to S3 bucket
WARNING:root:deleted object widgets/Henry Hops/182a5fcb-ba94-404e-b4cd-e8d31d975381 from S3 bucket
WARNING:root:added object widgets/John Jones/7c6099f9-e724-483a-a889-89b8c997a769 to S3 bucket
WARNING:root:added object widgets/Mary Matthews/bb753abe-2416-437f-ab02-5f5c7f9f74f2 to S3 bucket
WARNING:root:updated object widgets/Mary Matthews/edc98c93-369c-40ee-99cd-8f56814ebdb8 from S3 bucket
WARNING:root:deleted object widgets/Henry Hops/2b27cbf7-568c-4412-a155-25a4afe777d8 from S3 bucket
WARNING:root:added object widgets/John Jones/6c588dd5-1ab2-4227-9494-45c609bff5a8 to S3 bucket
WARNING:root:added object widgets/Henry Hops/dc29b383-9416-4d03-84e4-a6cded69b27d to S3 bucket
WARNING:root:added object widgets/Henry Hops/63f3604b-2e85-4076-bc48-1dad05624ecb to S3 bucket
WARNING:root:added object widgets/John Jones/754ddce1-814c-4507-98e4-fa0ac09aaed8 to S3 bucket
WARNING:root:added object widgets/Henry Hops/96b20053-9222-4cd1-9d79-9ac5a2db75b1 to S3 bucket
WARNING:root:added object widgets/Henry Hops/f7e30047-4025-47fc-b20f-34a33f1f2a71 to S3 bucket
WARNING:root:updated object widgets/Sue Smith/28ab0c1a-c7e2-4590-b42b-974434750ef0 from S3 bucket
WARNING:root:added object widgets/John Jones/77655d71-efae-4bf3-b36c-03c0d2b8d82a to S3 bucket
WARNING:root:added object widgets/John Jones/f3baa424-be26-4bb2-846e-2c431c6917a7 to S3 bucket
WARNING:root:added object widgets/Henry Hops/f1e3cf96-4d3a-4707-879a-cb0747331e2a to S3 bucket
WARNING:root:updated object widgets/Mary Matthews/12bd610f-f0a1-4316-b83a-e90573e892e5 from S3 bucket
WARNING:root:updated object widgets/John Jones/83ddef92-ab22-4539-8e2d-dcb529d9dae4 from S3 bucket
WARNING:root:added object widgets/Mary Matthews/3217ce29-06ce-4473-8dad-28393e452b91 to S3 bucket
WARNING:root:added object widgets/Mary Matthews/c124be02-f431-4aa0-b6b0-d5d85e4d199f to S3 bucket
WARNING:root:added object widgets/John Jones/e90c256e-ac50-45fb-81e7-7985073b580e to S3 bucket
WARNING:root:deleted object widgets/John Jones/5cbee918-4471-4d2e-a54e-cc48fbc5c761 from S3 bucket
WARNING:root:added object widgets/John Jones/0dda18eb-1220-4606-a9d7-a1a5ea6db3a6 to S3 bucket
WARNING:root:added object widgets/John Jones/adbb9da0-a67e-4db0-893c-6d5e2ea26b22 to S3 bucket
WARNING:root:added object widgets/Henry Hops/803d9eb0-828c-42cf-bef7-a692bfa3b30c to S3 bucket
WARNING:root:updated object widgets/John Jones/6c588dd5-1ab2-4227-9494-45c609bff5a8 from S3 bucket
WARNING:root:updated object widgets/John Jones/0dda18eb-1220-4606-a9d7-a1a5ea6db3a6 from S3 bucket
WARNING:root:added object widgets/John Jones/024985da-7f78-4f32-b998-b3a3fc864c0b to S3 bucket
WARNING:root:added object widgets/Mary Matthews/88a229ae-4ea8-4262-bddf-538a685262c1 to S3 bucket
WARNING:root:added object widgets/Henry Hops/486b2c2b-f7eb-444c-833a-4d3738e759ae to S3 bucket
WARNING:root:added object widgets/John Jones/26d6135f-ae67-492c-afb5-c72e96896475 to S3 bucket
WARNING:root:added object widgets/John Jones/9b910606-b6d9-4f58-b9dd-ec423822f117 to S3 bucket
WARNING:root:added object widgets/Sue Smith/a31ef3d7-3bdf-4e95-882f-cfcc54b3e8c0 to S3 bucket
WARNING:root:added object widgets/Mary Matthews/82f2bf0a-4fca-457e-b311-070a58f1f1f6 to S3 bucket
WARNING:root:added object widgets/Henry Hops/d6c95144-e67d-4218-ad00-ce2a6f08ee67 to S3 bucket
WARNING:root:added object widgets/John Jones/c715516f-0ed5-4958-b74a-ffa5d1d4a64a to S3 bucket
WARNING:root:added object widgets/John Jones/e7055757-c061-4d1c-8be4-96667ea87ea4 to S3 bucket
WARNING:root:added object widgets/John Jones/19acd50b-6824-4ecf-b768-b8135125c14d to S3 bucket
WARNING:root:added object widgets/Mary Matthews/ebbc289f-3ed3-474b-8db8-b0ad3079f9bd to S3 bucket
WARNING:root:added object widgets/Mary Matthews/c86a2410-0dee-407d-a36c-358a03bce485 to S3 bucket
WARNING:root:added object widgets/Mary Matthews/dcb47ce6-4d14-49b2-a39d-5d073e6f532c to S3 bucket
WARNING:root:added object widgets/Sue Smith/626e27ba-59e4-4db6-9ac1-224fad11c20f to S3 bucket
WARNING:root:added object widgets/Mary Matthews/c0f0f40d-fc89-4a1e-b890-c56995cc1e44 to S3 bucket
WARNING:root:added object widgets/Mary Matthews/6d996994-0d0d-4dc9-b5a7-b90ab68156ec to S3 bucket
WARNING:root:added object widgets/John Jones/d2a3d668-da94-458f-8b4a-ec84dece2078 to S3 bucket
WARNING:root:added object widgets/Sue Smith/4f152d66-1522-4a64-9dd2-33e5b0a2bf48 to S3 bucket
WARNING:root:added object widgets/Henry Hops/33087270-2952-4d5d-a77b-1dcf08809fe9 to S3 bucket
WARNING:root:added object widgets/Henry Hops/2a58296d-d2d0-4f09-b1c6-7c66f4a91bb0 to S3 bucket
WARNING:root:added object widgets/Sue Smith/bfbfc030-6acc-4ab8-951e-2e10a4029418 to S3 bucket
WARNING:root:added object widgets/Sue Smith/6ffc2e45-9936-4aa2-9895-3cb71dcbe6d7 to S3 bucket
WARNING:root:added object widgets/John Jones/6346d22e-3f1b-4eed-8fcf-9ecdb853bf5b to S3 bucket
WARNING:root:added object widgets/Mary Matthews/510e26d9-28bf-45c0-b4ed-13d5f9127e49 to S3 bucket
WARNING:root:added object widgets/Mary Matthews/cae6c123-b256-4523-9a05-9e9a4d5813d3 to S3 bucket
WARNING:root:added object widgets/John Jones/07623f3a-3c58-4e01-9cfd-0ddc90ce5110 to S3 bucket
WARNING:root:added object widgets/John Jones/cb9c098e-98f1-47c8-b949-bfcc689e62be to S3 bucket
WARNING:root:added object widgets/Henry Hops/76beab71-ba3a-4bcf-8fa7-036b44dbfc5b to S3 bucket
WARNING:root:added object widgets/Mary Matthews/5991682b-4e86-4493-8dde-8afab37a3ced to S3 bucket
WARNING:root:updated object widgets/Sue Smith/6fbac65e-5e32-4ae6-87f7-75b8ab8d4cc7 from S3 bucket
WARNING:root:added object widgets/Mary Matthews/345e4a15-6fb3-4b51-81d9-fd594c865180 to S3 bucket
WARNING:root:added object widgets/John Jones/8abc706e-9fc9-4964-82b6-c8ef2fbf20e0 to S3 bucket
WARNING:root:added object widgets/Henry Hops/a5e481ba-8452-40aa-a688-ae5a0deac725 to S3 bucket
WARNING:root:added object widgets/Mary Matthews/a606fade-ee40-4290-8493-851ba5ea8875 to S3 bucket
WARNING:root:added object widgets/Sue Smith/8ec4903f-db4d-4a65-9633-e601dd8e6705 to S3 bucket
WARNING:root:deleted object widgets/John Jones/cb9c098e-98f1-47c8-b949-bfcc689e62be from S3 bucket
WARNING:root:added object widgets/Henry Hops/2eda3842-df2f-4dce-a06c-ae31f783b600 to S3 bucket
WARNING:root:added object widgets/John Jones/1027fb56-9250-424d-a974-6461172018ef to S3 bucket
WARNING:root:deleted object widgets/Henry Hops/f039cab1-d3c9-44fe-9523-ff53401570e0 from S3 bucket
WARNING:root:added object widgets/John Jones/9d17b69c-7bb0-4983-a92c-eef0628f8636 to S3 bucket
WARNING:root:added object widgets/Sue Smith/0848e17c-149f-412f-8051-17b644b11606 to S3 bucket
WARNING:root:added object widgets/Mary Matthews/d49749e9-dde0-418c-a5b1-e2e9ef0b7f83 to S3 bucket
WARNING:root:added object widgets/Sue Smith/ce42c984-3c8f-4430-a025-d480c165b16a to S3 bucket
WARNING:root:added object widgets/Henry Hops/d00ea634-4467-4e70-93ab-d02a62cb7195 to S3 bucket
WARNING:root:updated object widgets/Henry Hops/eb41d159-190e-4309-94b6-b64eb871574c from S3 bucket
WARNING:root:added object widgets/Henry Hops/7254ba76-693a-4e21-85d1-879d9f3fb709 to S3 bucket
WARNING:root:added object widgets/Henry Hops/eb41d159-190e-4309-94b6-b64eb871574c to S3 bucket
WARNING:root:added object widgets/John Jones/5f43944b-c622-4a47-a803-1b33f6c1474f to S3 bucket
WARNING:root:updated object widgets/Henry Hops/7254ba76-693a-4e21-85d1-879d9f3fb709 from S3 bucket
WARNING:root:deleted object widgets/John Jones/e7055757-c061-4d1c-8be4-96667ea87ea4 from S3 bucket
WARNING:root:added object widgets/Sue Smith/6fbac65e-5e32-4ae6-87f7-75b8ab8d4cc7 to S3 bucket
WARNING:root:added object widgets/Sue Smith/d01aa595-f5e4-4613-bfaa-c8a701a7540b to S3 bucket
WARNING:root:added object widgets/Mary Matthews/b5431082-3f95-4fac-8580-236086e7e57a to S3 bucket
WARNING:root:added object widgets/Mary Matthews/64c33c6a-9af6-4272-b83c-9ab8ba119925 to S3 bucket
WARNING:root:added object widgets/Mary Matthews/a37ffee8-d2aa-4993-89ea-eb8b6ad37ca6 to S3 bucket
WARNING:root:added object widgets/Henry Hops/e24daf8f-0993-4174-b15f-e1371b31871c to S3 bucket
WARNING:root:added object widgets/John Jones/351d78f6-025f-4612-a04c-72b1f1217e47 to S3 bucket
WARNING:root:added object widgets/Sue Smith/3bdfa34e-e8d7-48ed-938c-e0fd7a746195 to S3 bucket
WARNING:root:deleted object widgets/Sue Smith/a31ef3d7-3bdf-4e95-882f-cfcc54b3e8c0 from S3 bucket
WARNING:root:added object widgets/Mary Matthews/55be8651-216a-40b0-8934-27c66b6e39c5 to S3 bucket
WARNING:root:added object widgets/Henry Hops/d2c8be9a-a7cc-44bd-b611-2560cf55b654 to S3 bucket
WARNING:root:added object widgets/Henry Hops/f039cab1-d3c9-44fe-9523-ff53401570e0 to S3 bucket
WARNING:root:added object widgets/Mary Matthews/3ed4b362-8892-4194-abc2-d9f8c5f982c0 to S3 bucket
WARNING:root:added object widgets/John Jones/99386734-3669-46fd-a421-bc54a97c5b1a to S3 bucket
WARNING:root:added object widgets/Sue Smith/747050aa-ec85-4d32-895b-c8d59adbac55 to S3 bucket
WARNING:root:added object widgets/Henry Hops/3ef912fd-2139-412f-aeb9-b6ee34b4f7da to S3 bucket
WARNING:root:added object widgets/Mary Matthews/98f0c904-6b94-4895-a0ed-e23d45e5f8d7 to S3 bucket
WARNING:root:deleted object widgets/Mary Matthews/88a229ae-4ea8-4262-bddf-538a685262c1 from S3 bucket
WARNING:root:added object widgets/Mary Matthews/158974b7-b9fd-4901-b10f-189ac697d975 to S3 bucket
WARNING:root:added object widgets/John Jones/b5b04406-bf6d-481d-ab40-39449df1312b to S3 bucket
WARNING:root:updated object widgets/Henry Hops/3ef912fd-2139-412f-aeb9-b6ee34b4f7da from S3 bucket
WARNING:root:updated object widgets/Mary Matthews/c86a2410-0dee-407d-a36c-358a03bce485 from S3 bucket
WARNING:root:updated object widgets/John Jones/351d78f6-025f-4612-a04c-72b1f1217e47 from S3 bucket
WARNING:root:updated object widgets/John Jones/351d78f6-025f-4612-a04c-72b1f1217e47 from S3 bucket
WARNING:root:added object widgets/Sue Smith/15bf5696-631e-43d6-af05-d1b5ae5278d4 to S3 bucket
WARNING:root:updated object widgets/Sue Smith/d01aa595-f5e4-4613-bfaa-c8a701a7540b from S3 bucket
WARNING:root:added object widgets/Sue Smith/7cd4c9ce-a5e5-4f39-ad73-930a54a4aaf3 to S3 bucket
WARNING:root:added object widgets/John Jones/da95aede-5aae-45c9-9b69-8f385dfb04e2 to S3 bucket
WARNING:root:added object widgets/Sue Smith/e38c6a11-e360-4c56-bea5-f605ee5178de to S3 bucket
WARNING:root:added object widgets/Sue Smith/293e7e30-4da6-4d94-bb94-a58179a878c6 to S3 bucket
WARNING:root:updated object widgets/Mary Matthews/c03658c3-0e10-41e6-9963-c5d74a5a93ae from S3 bucket
WARNING:root:updated object widgets/Mary Matthews/3ed4b362-8892-4194-abc2-d9f8c5f982c0 from S3 bucket
WARNING:root:added object widgets/John Jones/218f784a-3f15-43f8-ab67-3aff112003fb to S3 bucket
WARNING:root:updated object widgets/Mary Matthews/64c33c6a-9af6-4272-b83c-9ab8ba119925 from S3 bucket
WARNING:root:deleted object widgets/John Jones/1027fb56-9250-424d-a974-6461172018ef from S3 bucket
WARNING:root:updated object widgets/Henry Hops/33087270-2952-4d5d-a77b-1dcf08809fe9 from S3 bucket
WARNING:root:updated object widgets/Mary Matthews/c03658c3-0e10-41e6-9963-c5d74a5a93ae from S3 bucket
WARNING:root:added object widgets/Mary Matthews/c03658c3-0e10-41e6-9963-c5d74a5a93ae to S3 bucket
WARNING:root:added object widgets/Mary Matthews/0144780e-90cf-44f5-b469-f9d7b5156fb2 to S3 bucket
WARNING:root:deleted object widgets/Henry Hops/eb41d159-190e-4309-94b6-b64eb871574c from S3 bucket
WARNING:root:added object widgets/Mary Matthews/68739bf0-f8d2-4e5b-94fc-6f395f0272f3 to S3 bucket
WARNING:root:updated object widgets/John Jones/8abc706e-9fc9-4964-82b6-c8ef2fbf20e0 from S3 bucket
WARNING:root:updated object widgets/Mary Matthews/c03658c3-0e10-41e6-9963-c5d74a5a93ae from S3 bucket
WARNING:root:added object widgets/John Jones/bba0dde8-0f43-42c1-b854-67aea3d90cbf to S3 bucket
WARNING:root:deleted object widgets/Mary Matthews/a37ffee8-d2aa-4993-89ea-eb8b6ad37ca6 from S3 bucket
WARNING:root:added object widgets/Henry Hops/8b3ca9d2-d6bf-4ad7-94a4-3714c2d03a1f to S3 bucket
WARNING:root:added object widgets/Henry Hops/54062e3f-fa6d-444e-8630-a7a041265358 to S3 bucket
WARNING:root:added object widgets/John Jones/2b1cc342-13ee-4924-92ba-b7c25a943132 to S3 bucket
WARNING:root:added object widgets/Mary Matthews/97a457de-8046-4c0c-bd4e-b27c464771d7 to S3 bucket
WARNING:root:added object widgets/Henry Hops/b73318be-8653-4918-b22a-c6cfbdcec0ce to S3 bucket
WARNING:root:added object widgets/Henry Hops/dba4d768-8889-4635-9713-3d47b3fe1894 to S3 bucket
WARNING:root:added object widgets/Henry Hops/34525da5-7acf-4a39-bfeb-c0cf775f4598 to S3 bucket
WARNING:root:added object widgets/Sue Smith/13602ee8-ad37-434e-b581-50aad0bb5ca7 to S3 bucket
WARNING:root:added object widgets/John Jones/7f351466-211e-4df3-ae9f-84e2d0b3b501 to S3 bucket
WARNING:root:added object widgets/John Jones/df6b6659-ce30-4d1e-a4ed-90cb0de312fe to S3 bucket
WARNING:root:added object widgets/John Jones/37bbba16-74d5-4d7d-bb80-dfdffd432f9b to S3 bucket
WARNING:root:added object widgets/Mary Matthews/aae08745-650c-4b60-b00d-9f842d2bd61f to S3 bucket
WARNING:root:added object widgets/John Jones/821c29b3-604c-4e08-83ef-92c900ba9a9b to S3 bucket
WARNING:root:added object widgets/John Jones/22e0569f-09f7-4304-92b2-19e784837cb0 to S3 bucket
WARNING:root:added object widgets/Sue Smith/ceb0dd92-2c64-467c-b4d0-ee8d576d08f6 to S3 bucket
WARNING:root:added object widgets/Henry Hops/c9f9841b-e04e-44fd-aaca-3d306c7e5791 to S3 bucket
WARNING:root:added object widgets/Henry Hops/6ed45dad-f2fb-4c3c-b6a5-68418d0d10de to S3 bucket
WARNING:root:added object widgets/Henry Hops/6849a629-1791-4972-9faf-2543a2562081 to S3 bucket
WARNING:root:added object widgets/Sue Smith/e3e0c276-e6f5-4521-b2bd-f5a923ee355b to S3 bucket
WARNING:root:added object widgets/John Jones/90763c23-e4ab-4151-8f69-59ec4bd0fb6a to S3 bucket
WARNING:root:added object widgets/Sue Smith/28f9e4df-3b4a-42bd-a548-8a4a35b10ab8 to S3 bucket
WARNING:root:added object widgets/Mary Matthews/1e9a4917-f43f-46e6-aaf0-db33a32c0b46 to S3 bucket
WARNING:root:added object widgets/Sue Smith/a3d40e7e-624b-4ee4-962b-6b72e1d71b6f to S3 bucket
WARNING:root:added object widgets/Sue Smith/f11da2d7-4ab7-4416-911d-16315478b0e5 to S3 bucket
WARNING:root:added object widgets/Mary Matthews/97a457de-8046-4c0c-bd4e-b27c464771d7 to S3 bucket
WARNING:root:added object widgets/Henry Hops/b73318be-8653-4918-b22a-c6cfbdcec0ce to S3 bucket
WARNING:root:added object widgets/Henry Hops/dba4d768-8889-4635-9713-3d47b3fe1894 to S3 bucket
WARNING:root:added object widgets/Henry Hops/34525da5-7acf-4a39-bfeb-c0cf775f4598 to S3 bucket
WARNING:root:added object widgets/Sue Smith/13602ee8-ad37-434e-b581-50aad0bb5ca7 to S3 bucket
WARNING:root:updated object widgets/Henry Hops/34525da5-7acf-4a39-bfeb-c0cf775f4598 from S3 bucket
WARNING:root:updated object widgets/Henry Hops/34525da5-7acf-4a39-bfeb-c0cf775f4598 from S3 bucket
WARNING:root:updated object widgets/Henry Hops/34525da5-7acf-4a39-bfeb-c0cf775f4598 from S3 bucket
WARNING:root:updated object widgets/Henry Hops/34525da5-7acf-4a39-bfeb-c0cf775f4598 from S3 bucket
WARNING:root:updated object widgets/Henry Hops/34525da5-7acf-4a39-bfeb-c0cf775f4598 from S3 bucket
WARNING:root:updated object widgets/Henry Hops/34525da5-7acf-4a39-bfeb-c0cf775f4598 from S3 bucket
WARNING:root:updated object widgets/Henry Hops/34525da5-7acf-4a39-bfeb-c0cf775f4598 from S3 bucket
WARNING:root:updated object widgets/Henry Hops/34525da5-7acf-4a39-bfeb-c0cf775f4598 from S3 bucket
WARNING:root:updated object widgets/Henry Hops/34525da5-7acf-4a39-bfeb-c0cf775f4598 from S3 bucket
WARNING:root:updated object widgets/Henry Hops/34525da5-7acf-4a39-bfeb-c0cf775f4598 from S3 bucket
WARNING:root:updated object widgets/Henry Hops/34525da5-7acf-4a39-bfeb-c0cf775f4598 from S3 bucket
WARNING:root:updated object widgets/Henry Hops/34525da5-7acf-4a39-bfeb-c0cf775f4598 from S3 bucket
WARNING:root:updated object widgets/Henry Hops/34525da5-7acf-4a39-bfeb-c0cf775f4598 from S3 bucket
WARNING:root:updated object widgets/Henry Hops/34525da5-7acf-4a39-bfeb-c0cf775f4598 from S3 bucket
WARNING:root:updated object widgets/Henry Hops/34525da5-7acf-4a39-bfeb-c0cf775f4598 from S3 bucket
WARNING:root:updated object widgets/Henry Hops/34525da5-7acf-4a39-bfeb-c0cf775f4598 from S3 bucket
WARNING:root:updated object widgets/Henry Hops/34525da5-7acf-4a39-bfeb-c0cf775f4598 from S3 bucket
WARNING:root:updated object widgets/Henry Hops/34525da5-7acf-4a39-bfeb-c0cf775f4598 from S3 bucket
WARNING:root:updated object widgets/Henry Hops/34525da5-7acf-4a39-bfeb-c0cf775f4598 from S3 bucket
WARNING:root:updated object widgets/Henry Hops/34525da5-7acf-4a39-bfeb-c0cf775f4598 from S3 bucket
WARNING:root:updated object widgets/Henry Hops/34525da5-7acf-4a39-bfeb-c0cf775f4598 from S3 bucket
WARNING:root:updated object widgets/Henry Hops/34525da5-7acf-4a39-bfeb-c0cf775f4598 from S3 bucket
WARNING:root:updated object widgets/Henry Hops/34525da5-7acf-4a39-bfeb-c0cf775f4598 from S3 bucket
WARNING:root:updated object widgets/Henry Hops/34525da5-7acf-4a39-bfeb-c0cf775f4598 from S3 bucket
WARNING:root:updated object widgets/Henry Hops/34525da5-7acf-4a39-bfeb-c0cf775f4598 from S3 bucket
WARNING:root:updated object widgets/Henry Hops/34525da5-7acf-4a39-bfeb-c0cf775f4598 from S3 bucket
WARNING:root:updated object widgets/Henry Hops/34525da5-7acf-4a39-bfeb-c0cf775f4598 from S3 bucket
WARNING:root:updated object widgets/Henry Hops/34525da5-7acf-4a39-bfeb-c0cf775f4598 from S3 bucket
WARNING:root:updated object widgets/Henry Hops/34525da5-7acf-4a39-bfeb-c0cf775f4598 from S3 bucket
WARNING:root:updated object widgets/Henry Hops/34525da5-7acf-4a39-bfeb-c0cf775f4598 from S3 bucket
WARNING:root:updated object widgets/Henry Hops/34525da5-7acf-4a39-bfeb-c0cf775f4598 from S3 bucket
WARNING:root:updated object widgets/Henry Hops/34525da5-7acf-4a39-bfeb-c0cf775f4598 from S3 bucket
WARNING:root:updated object widgets/Henry Hops/34525da5-7acf-4a39-bfeb-c0cf775f4598 from S3 bucket
WARNING:root:updated object widgets/Henry Hops/34525da5-7acf-4a39-bfeb-c0cf775f4598 from S3 bucket
WARNING:root:updated object widgets/Henry Hops/34525da5-7acf-4a39-bfeb-c0cf775f4598 from S3 bucket
WARNING:root:updated object widgets/Henry Hops/34525da5-7acf-4a39-bfeb-c0cf775f4598 from S3 bucket
WARNING:root:updated object widgets/Henry Hops/34525da5-7acf-4a39-bfeb-c0cf775f4598 from S3 bucket
WARNING:root:updated object widgets/Henry Hops/34525da5-7acf-4a39-bfeb-c0cf775f4598 from S3 bucket
WARNING:root:updated object widgets/Henry Hops/34525da5-7acf-4a39-bfeb-c0cf775f4598 from S3 bucket
WARNING:root:updated object widgets/Henry Hops/34525da5-7acf-4a39-bfeb-c0cf775f4598 from S3 bucket
WARNING:root:updated object widgets/Henry Hops/34525da5-7acf-4a39-bfeb-c0cf775f4598 from S3 bucket
WARNING:root:updated object widgets/Henry Hops/34525da5-7acf-4a39-bfeb-c0cf775f4598 from S3 bucket
WARNING:root:updated object widgets/Henry Hops/34525da5-7acf-4a39-bfeb-c0cf775f4598 from S3 bucket
WARNING:root:updated object widgets/Henry Hops/34525da5-7acf-4a39-bfeb-c0cf775f4598 from S3 bucket
WARNING:root:updated object widgets/Henry Hops/34525da5-7acf-4a39-bfeb-c0cf775f4598 from S3 bucket
WARNING:root:updated object widgets/Henry Hops/34525da5-7acf-4a39-bfeb-c0cf775f4598 from S3 bucket
WARNING:root:updated object widgets/Henry Hops/34525da5-7acf-4a39-bfeb-c0cf775f4598 from S3 bucket
WARNING:root:updated object widgets/Henry Hops/34525da5-7acf-4a39-bfeb-c0cf775f4598 from S3 bucket
WARNING:root:updated object widgets/Henry Hops/34525da5-7acf-4a39-bfeb-c0cf775f4598 from S3 bucket
WARNING:root:updated object widgets/Henry Hops/34525da5-7acf-4a39-bfeb-c0cf775f4598 from S3 bucket
WARNING:root:updated object widgets/Henry Hops/34525da5-7acf-4a39-bfeb-c0cf775f4598 from S3 bucket
WARNING:root:updated object widgets/Henry Hops/34525da5-7acf-4a39-bfeb-c0cf775f4598 from S3 bucket
WARNING:root:updated object widgets/Henry Hops/34525da5-7acf-4a39-bfeb-c0cf775f4598 from S3 bucket
WARNING:root:updated object widgets/Henry Hops/34525da5-7acf-4a39-bfeb-c0cf775f4598 from S3 bucket
WARNING:root:updated object widgets/Henry Hops/34525da5-7acf-4a39-bfeb-c0cf775f4598 from S3 bucket
WARNING:root:updated object widgets/Henry Hops/34525da5-7acf-4a39-bfeb-c0cf775f4598 from S3 bucket
WARNING:root:updated object widgets/Henry Hops/34525da5-7acf-4a39-bfeb-c0cf775f4598 from S3 bucket
WARNING:root:updated object widgets/Henry Hops/34525da5-7acf-4a39-bfeb-c0cf775f4598 from S3 bucket
WARNING:root:updated object widgets/Henry Hops/34525da5-7acf-4a39-bfeb-c0cf775f4598 from S3 bucket
WARNING:root:updated object widgets/Henry Hops/34525da5-7acf-4a39-bfeb-c0cf775f4598 from S3 bucket
WARNING:root:updated object widgets/Henry Hops/34525da5-7acf-4a39-bfeb-c0cf775f4598 from S3 bucket
WARNING:root:updated object widgets/Henry Hops/34525da5-7acf-4a39-bfeb-c0cf775f4598 from S3 bucket
WARNING:root:updated object widgets/Henry Hops/34525da5-7acf-4a39-bfeb-c0cf775f4598 from S3 bucket
WARNING:root:updated object widgets/Henry Hops/34525da5-7acf-4a39-bfeb-c0cf775f4598 from S3 bucket
WARNING:root:updated object widgets/Henry Hops/34525da5-7acf-4a39-bfeb-c0cf775f4598 from S3 bucket
WARNING:root:updated object widgets/Henry Hops/34525da5-7acf-4a39-bfeb-c0cf775f4598 from S3 bucket
WARNING:root:updated object widgets/Henry Hops/34525da5-7acf-4a39-bfeb-c0cf775f4598 from S3 bucket
WARNING:root:updated object widgets/Henry Hops/34525da5-7acf-4a39-bfeb-c0cf775f4598 from S3 bucket
WARNING:root:updated object widgets/Henry Hops/34525da5-7acf-4a39-bfeb-c0cf775f4598 from S3 bucket
WARNING:root:updated object widgets/Henry Hops/34525da5-7acf-4a39-bfeb-c0cf775f4598 from S3 bucket
WARNING:root:updated object widgets/Henry Hops/34525da5-7acf-4a39-bfeb-c0cf775f4598 from S3 bucket
WARNING:root:updated object widgets/Henry Hops/34525da5-7acf-4a39-bfeb-c0cf775f4598 from S3 bucket
WARNING:root:updated object widgets/Henry Hops/34525da5-7acf-4a39-bfeb-c0cf775f4598 from S3 bucket
WARNING:root:updated object widgets/Henry Hops/34525da5-7acf-4a39-bfeb-c0cf775f4598 from S3 bucket
WARNING:root:updated object widgets/Henry Hops/34525da5-7acf-4a39-bfeb-c0cf775f4598 from S3 bucket
WARNING:root:updated object widgets/Henry Hops/34525da5-7acf-4a39-bfeb-c0cf775f4598 from S3 bucket
WARNING:root:updated object widgets/Henry Hops/34525da5-7acf-4a39-bfeb-c0cf775f4598 from S3 bucket
WARNING:root:updated object widgets/Henry Hops/34525da5-7acf-4a39-bfeb-c0cf775f4598 from S3 bucket
WARNING:root:updated object widgets/Henry Hops/34525da5-7acf-4a39-bfeb-c0cf775f4598 from S3 bucket
WARNING:root:updated object widgets/Henry Hops/34525da5-7acf-4a39-bfeb-c0cf775f4598 from S3 bucket
WARNING:root:updated object widgets/Henry Hops/34525da5-7acf-4a39-bfeb-c0cf775f4598 from S3 bucket
WARNING:root:updated object widgets/Henry Hops/34525da5-7acf-4a39-bfeb-c0cf775f4598 from S3 bucket
WARNING:root:updated object widgets/Henry Hops/34525da5-7acf-4a39-bfeb-c0cf775f4598 from S3 bucket
WARNING:root:updated object widgets/Henry Hops/34525da5-7acf-4a39-bfeb-c0cf775f4598 from S3 bucket
WARNING:root:updated object widgets/Henry Hops/34525da5-7acf-4a39-bfeb-c0cf775f4598 from S3 bucket
WARNING:root:updated object widgets/Henry Hops/34525da5-7acf-4a39-bfeb-c0cf775f4598 from S3 bucket
WARNING:root:updated object widgets/Henry Hops/34525da5-7acf-4a39-bfeb-c0cf775f4598 from S3 bucket
WARNING:root:added object widgets/John Jones/56a0fe1a-9728-479c-8ae6-0646a2d57016 to S3 bucket
WARNING:root:added object widgets/Sue Smith/d815799b-7c73-4787-8979-eb7ec7076975 to S3 bucket
WARNING:root:added object widgets/Sue Smith/a3e610c9-f42d-4252-bf2e-3263f892a460 to S3 bucket
WARNING:root:added object widgets/Mary Matthews/fafa6292-8175-4950-9e7d-8aad83d439ff to S3 bucket
WARNING:root:added object widgets/Mary Matthews/ed9cca27-091b-4dc8-bc06-b759e75804a7 to S3 bucket
WARNING:root:added object widgets/Sue Smith/97e71af9-98c6-49ff-8c8d-39ec1c41b59f to S3 bucket
WARNING:root:added object widgets/John Jones/8162163e-1f98-4dc8-9fcd-6fe26d3dc097 to S3 bucket
WARNING:root:added object widgets/Sue Smith/865c6faa-c18d-40dc-89a6-6054560dbbb1 to S3 bucket
WARNING:root:added object widgets/Mary Matthews/abbfb937-4ec8-46e6-a897-2785183c8547 to S3 bucket
WARNING:root:added object widgets/John Jones/3d32ec8c-4dc4-4b40-a145-2e7282659a2e to S3 bucket
WARNING:root:added object widgets/Mary Matthews/583b1c2c-0260-4042-9420-356af5931f23 to S3 bucket
WARNING:root:added object widgets/Mary Matthews/aba188f1-9b6a-4560-a2ca-a94ae5e2e77b to S3 bucket
WARNING:root:added object widgets/Mary Matthews/7afd4020-cbf2-4aff-a3c3-3b810dd4cc37 to S3 bucket
WARNING:root:added object widgets/Mary Matthews/615dbeae-50dd-4286-b4fb-f9210df600a1 to S3 bucket
WARNING:root:added object widgets/Henry Hops/9caa9c6c-dba5-4858-8db7-855d25b46c89 to S3 bucket
WARNING:root:added object widgets/Sue Smith/4a73af39-196b-4570-948c-a05867b50a30 to S3 bucket
WARNING:root:added object widgets/Sue Smith/3850ee0e-0991-4ec7-8347-64738ac0b41b to S3 bucket
WARNING:root:added object widgets/John Jones/a608d3be-8d5a-4f90-a22c-b4474d5e0857 to S3 bucket
WARNING:root:added object widgets/John Jones/48d54368-c02d-4a15-9a2c-7d5212204d1e to S3 bucket
WARNING:root:added object widgets/Sue Smith/1c80bb84-9015-4a8e-81a9-c82ccc810906 to S3 bucket
WARNING:root:added object widgets/Henry Hops/9f72fd63-23bd-4dd6-b5d4-b78899ead7dd to S3 bucket
WARNING:root:added object widgets/John Jones/e638eea2-1609-4353-aa6a-23004c348fe2 to S3 bucket
WARNING:root:added object widgets/Sue Smith/f0d054e4-6f78-494e-93e3-60795c0b634b to S3 bucket
WARNING:root:added object widgets/Sue Smith/7c26b37b-442d-4557-a574-cfad8c96c1f4 to S3 bucket
WARNING:root:added object widgets/Henry Hops/a768ebd0-bdf4-4a94-a349-0843fe88a328 to S3 bucket
WARNING:root:added object widgets/John Jones/e62a4e80-08a3-4f88-a7cb-f4b7777ba33f to S3 bucket
WARNING:root:added object widgets/Sue Smith/f0493a1c-bd52-494f-9d87-595482719b99 to S3 bucket
WARNING:root:added object widgets/Mary Matthews/d2220465-484a-4563-a91e-472d25e0f13a to S3 bucket
WARNING:root:added object widgets/John Jones/03515851-f2b1-4e13-8efa-e4d00dc513f8 to S3 bucket
WARNING:root:added object widgets/John Jones/b35dfff5-0bd5-40a5-a5a5-61231028db26 to S3 bucket
WARNING:root:added object widgets/Henry Hops/5435f381-7f1b-4962-a3df-5a1cd50e0054 to S3 bucket
WARNING:root:added object widgets/John Jones/b7036700-97c7-4e4d-a602-b572ceef70d2 to S3 bucket
WARNING:root:added object widgets/Henry Hops/89bca34d-23dc-490c-8261-9abfa29c331a to S3 bucket
WARNING:root:added object widgets/Sue Smith/69b78f70-fa4c-4e87-8cc1-606267c95e79 to S3 bucket
WARNING:root:added object widgets/Mary Matthews/77b488a6-3bc1-477f-80af-9fdad3a434cc to S3 bucket
WARNING:root:added object widgets/Mary Matthews/3b36b11f-43c9-48d0-b9d9-536ae4018b7e to S3 bucket
WARNING:root:updated object widgets/Sue Smith/77f53652-0c89-4171-84f0-204fc5cca976 from S3 bucket
WARNING:root:added object widgets/Mary Matthews/4dc00f08-4a97-4f69-9cd7-986707fc5f09 to S3 bucket
WARNING:root:added object widgets/Sue Smith/f0dcadfb-5f3d-4dbc-9a37-399ff7c719b4 to S3 bucket
WARNING:root:deleted object widgets/John Jones/7d304dc9-6af8-415d-9bdb-a78e4dd96816 from S3 bucket
WARNING:root:added object widgets/Sue Smith/38eaaf97-7495-410c-ab18-e9aeb6c1ef54 to S3 bucket
WARNING:root:added object widgets/John Jones/7d304dc9-6af8-415d-9bdb-a78e4dd96816 to S3 bucket
WARNING:root:deleted object widgets/Sue Smith/f0d054e4-6f78-494e-93e3-60795c0b634b from S3 bucket
WARNING:root:added object widgets/Sue Smith/8f2a9096-c9ea-4b9e-b958-6701e0bd3737 to S3 bucket
WARNING:root:added object widgets/Sue Smith/0395cdae-4a0a-4cdb-9c9a-c512debb82cc to S3 bucket
WARNING:root:added object widgets/Sue Smith/77f53652-0c89-4171-84f0-204fc5cca976 to S3 bucket
WARNING:root:added object widgets/Henry Hops/1dee303a-f11c-4246-8e5c-7f78214c39c7 to S3 bucket
WARNING:root:added object widgets/John Jones/cc98ded6-3901-4973-8e78-cc72c30b8065 to S3 bucket
WARNING:root:updated object widgets/Sue Smith/69b78f70-fa4c-4e87-8cc1-606267c95e79 from S3 bucket
WARNING:root:updated object widgets/Henry Hops/9caa9c6c-dba5-4858-8db7-855d25b46c89 from S3 bucket
WARNING:root:added object widgets/Mary Matthews/917f09aa-0328-4560-aa2d-64e5435df16b to S3 bucket
WARNING:root:added object widgets/Henry Hops/13a5047a-833f-4b7c-99a0-7a1cf4980215 to S3 bucket
WARNING:root:added object widgets/Mary Matthews/787e7ead-55a3-49f3-9e4d-22f6c168723f to S3 bucket
WARNING:root:added object widgets/Henry Hops/b8c279f8-59ba-40c4-b828-4828c684b9ba to S3 bucket
WARNING:root:updated object widgets/John Jones/a608d3be-8d5a-4f90-a22c-b4474d5e0857 from S3 bucket
WARNING:root:updated object widgets/Mary Matthews/aba188f1-9b6a-4560-a2ca-a94ae5e2e77b from S3 bucket
WARNING:root:updated object widgets/Henry Hops/9f72fd63-23bd-4dd6-b5d4-b78899ead7dd from S3 bucket
WARNING:root:added object widgets/Henry Hops/154a33ca-531d-4a55-a132-4ba58885d2a8 to S3 bucket
WARNING:root:added object widgets/Henry Hops/299c55b5-bf8a-4e80-a124-227ea966c3e9 to S3 bucket
WARNING:root:added object widgets/Henry Hops/55f30f32-420b-44d6-a4eb-f490b2bf7736 to S3 bucket
WARNING:root:updated object widgets/Henry Hops/d4e3024e-2a41-4705-a2e7-ea623b094ddc from S3 bucket
WARNING:root:added object widgets/Henry Hops/ca03b386-537b-45bc-91ad-cff2e7290ec5 to S3 bucket
WARNING:root:added object widgets/Henry Hops/a238d538-9aa5-4d6a-9ad7-c0cbc03a8e23 to S3 bucket
WARNING:root:added object widgets/John Jones/6e627e84-d033-42a6-90c6-4dcade7ca4e5 to S3 bucket
WARNING:root:added object widgets/Mary Matthews/82545a23-7e83-4cd5-9d78-84d51b396df7 to S3 bucket
WARNING:root:added object widgets/Sue Smith/d27cad2c-ef99-4b0b-a11f-0a6df67bf962 to S3 bucket
WARNING:root:added object widgets/Henry Hops/588b65e4-4c76-4ad9-9721-a6949aa2b7c9 to S3 bucket
WARNING:root:added object widgets/Sue Smith/50eaa443-9114-4768-be6d-54305957df30 to S3 bucket
WARNING:root:added object widgets/Henry Hops/06478a17-afe2-4fca-a7a3-799103a79233 to S3 bucket
WARNING:root:added object widgets/Sue Smith/27c25ef5-18e5-4343-8ff5-355d4c609788 to S3 bucket
WARNING:root:added object widgets/Henry Hops/7b90b1bb-c999-4973-89b8-5204ac387aaf to S3 bucket
WARNING:root:added object widgets/Henry Hops/99d04ee0-a534-4ac9-b8db-8919b407b9b2 to S3 bucket
WARNING:root:added object widgets/Sue Smith/65ce830d-352d-45ee-b0c3-33738e14750f to S3 bucket
WARNING:root:added object widgets/John Jones/35fc96ca-3c15-4827-a8ca-ec94a360d496 to S3 bucket
WARNING:root:added object widgets/Mary Matthews/93cafc0c-0249-4707-aca9-1a624a9445e9 to S3 bucket
WARNING:root:added object widgets/Mary Matthews/6af9d00a-6bec-4f8e-ab61-0c8a977d8bac to S3 bucket
WARNING:root:added object widgets/Sue Smith/be1abfef-4ee2-4bb9-8c0c-38075f3a2ed6 to S3 bucket
WARNING:root:added object widgets/Mary Matthews/cd057fae-4e6c-4d60-aeb1-b4a1a6e1c2ce to S3 bucket
WARNING:root:added object widgets/Mary Matthews/ac55d872-c335-4eda-bb71-aff720ed63f9 to S3 bucket
WARNING:root:deleted object widgets/John Jones/c3cc5b35-48ed-43d4-ba7c-e0c9ddfd4880 from S3 bucket
WARNING:root:added object widgets/John Jones/1a74450b-6089-4f65-9bef-36c7eb415220 to S3 bucket
WARNING:root:updated object widgets/John Jones/6e627e84-d033-42a6-90c6-4dcade7ca4e5 from S3 bucket
WARNING:root:updated object widgets/Henry Hops/588b65e4-4c76-4ad9-9721-a6949aa2b7c9 from S3 bucket
WARNING:root:updated object widgets/Henry Hops/a238d538-9aa5-4d6a-9ad7-c0cbc03a8e23 from S3 bucket
WARNING:root:added object widgets/Sue Smith/76adedb7-63a0-4417-b3df-7da6ce3716aa to S3 bucket
WARNING:root:added object widgets/John Jones/65e1c04a-9db7-4cfc-b660-65bcf14a2abc to S3 bucket
WARNING:root:updated object widgets/John Jones/f4488987-9b9f-4aca-94ae-23e4afa75850 from S3 bucket
WARNING:root:added object widgets/Henry Hops/cc60df6a-cb24-43d4-bb0b-25220f13061f to S3 bucket
WARNING:root:deleted object widgets/Sue Smith/868e6bb5-b155-4c21-9b1d-0c72f68cf9cf from S3 bucket
WARNING:root:updated object widgets/Mary Matthews/93cafc0c-0249-4707-aca9-1a624a9445e9 from S3 bucket
WARNING:root:added object widgets/Mary Matthews/b809bf36-28be-45a2-95bd-260ed4c08104 to S3 bucket
WARNING:root:added object widgets/Sue Smith/49fb1d2f-1379-45cc-9de6-bf52550b68f3 to S3 bucket
WARNING:root:updated object widgets/John Jones/128672e7-3f46-4de7-95ea-fdda5cb2dca7 from S3 bucket
WARNING:root:added object widgets/Henry Hops/683671f9-fb6b-4d3a-8ac6-3fbad6900619 to S3 bucket
WARNING:root:added object widgets/Henry Hops/064c0da3-24a7-4064-bfb9-2c41b265763c to S3 bucket
WARNING:root:updated object widgets/Mary Matthews/82545a23-7e83-4cd5-9d78-84d51b396df7 from S3 bucket
WARNING:root:updated object widgets/Mary Matthews/8a6c01c8-9377-4653-8486-742045928575 from S3 bucket
WARNING:root:added object widgets/Sue Smith/1060296a-c98f-4031-b8e1-721127f02df7 to S3 bucket
WARNING:root:updated object widgets/John Jones/128672e7-3f46-4de7-95ea-fdda5cb2dca7 from S3 bucket
WARNING:root:added object widgets/Sue Smith/ae91f8fa-c011-40da-886c-29a0b321f478 to S3 bucket
WARNING:root:added object widgets/Mary Matthews/4f75693a-c763-4706-831b-292b15a69b26 to S3 bucket
WARNING:root:added object widgets/Sue Smith/1d6d213a-0402-4ad1-933d-5fb6c8109f82 to S3 bucket
WARNING:root:added object widgets/Henry Hops/9e4ad832-78ea-4d8a-bdad-13d056088e1e to S3 bucket
WARNING:root:added object widgets/Henry Hops/a9050b30-435e-49b5-8caa-9498695c2059 to S3 bucket
WARNING:root:added object widgets/Sue Smith/9680c31c-07f6-4175-9bc4-ef0e773dd8b4 to S3 bucket
WARNING:root:added object widgets/Sue Smith/290c5ffa-df9f-48f9-a68e-b3cddaa7bbd7 to S3 bucket
WARNING:root:added object widgets/Henry Hops/96105bf2-bc12-445f-b9b9-f260f4833530 to S3 bucket
WARNING:root:added object widgets/Sue Smith/6600d10a-5867-4d69-b226-cbc39df92dbc to S3 bucket
WARNING:root:added object widgets/Henry Hops/cef71bc5-0c43-426a-b63b-97c935a61651 to S3 bucket
WARNING:root:added object widgets/John Jones/daf726e5-e4a0-4f86-bc22-c65768208fd0 to S3 bucket
WARNING:root:added object widgets/John Jones/bf4b2ccb-90bf-40f5-8bd4-be770939e516 to S3 bucket
WARNING:root:added object widgets/John Jones/5cf30b6a-9b57-4e93-9474-1c3e11ba0909 to S3 bucket
WARNING:root:added object widgets/Sue Smith/a5b3c5a4-0333-46b6-ac5d-dce8dddbf921 to S3 bucket
WARNING:root:added object widgets/Mary Matthews/5ebf5606-88de-4378-9611-97703b9323ce to S3 bucket
WARNING:root:added object widgets/Sue Smith/49e7bf93-c44e-46c0-aea1-ef69b7d8a803 to S3 bucket
WARNING:root:added object widgets/Henry Hops/3bccc801-9d94-471e-9795-21f3d783ee4b to S3 bucket
WARNING:root:added object widgets/John Jones/c5333d97-a239-432e-a2c0-2b20acd205e5 to S3 bucket
WARNING:root:added object widgets/Henry Hops/c0d5b4d3-f51b-4010-8717-258282e1bdc3 to S3 bucket
WARNING:root:added object widgets/Henry Hops/468d7100-ca04-43d0-b333-967bacfc27b8 to S3 bucket
WARNING:root:added object widgets/John Jones/90253d93-a0f5-48ed-acb4-dc7a2a2b75b7 to S3 bucket
WARNING:root:added object widgets/John Jones/3439a3d7-a838-48a9-a421-164a4fa448de to S3 bucket
WARNING:root:added object widgets/Henry Hops/cbe411d5-4f89-4544-8d5e-dcdf8cef7b0b to S3 bucket
WARNING:root:added object widgets/Mary Matthews/28f99c10-a661-4d8d-aa12-c689de14d552 to S3 bucket
WARNING:root:added object widgets/Mary Matthews/66b6ea0e-f98f-41f0-afa6-00ca805a7222 to S3 bucket
WARNING:root:updated object widgets/Henry Hops/96105bf2-bc12-445f-b9b9-f260f4833530 from S3 bucket
WARNING:root:added object widgets/Henry Hops/ca7f4907-05e0-438b-86a6-f1bd207d2939 to S3 bucket
WARNING:root:added object widgets/Henry Hops/89845aef-be3c-4656-b39d-2f6845ac55c1 to S3 bucket
WARNING:root:added object widgets/John Jones/54eae790-c6ea-4e94-8487-83af9fbff0ae to S3 bucket
WARNING:root:added object widgets/Henry Hops/387794b0-a6f7-48a2-8539-b30461768b2f to S3 bucket
WARNING:root:added object widgets/Henry Hops/e0fb4dd6-956c-4517-aba3-86afcaf4f102 to S3 bucket
WARNING:root:added object widgets/John Jones/9539bca2-96b7-4c0f-a1ef-f61ae84d3d0c to S3 bucket
WARNING:root:added object widgets/John Jones/88eac5c1-06e5-43d4-addb-d225cec16ddd to S3 bucket
WARNING:root:updated object widgets/John Jones/0081cfc0-dc5c-43c7-b650-1b6c1eefff62 from S3 bucket
WARNING:root:updated object widgets/Sue Smith/290c5ffa-df9f-48f9-a68e-b3cddaa7bbd7 from S3 bucket
WARNING:root:added object widgets/Mary Matthews/ea4c9db9-5867-4b69-b748-69fa0c696731 to S3 bucket
WARNING:root:added object widgets/John Jones/32e7ab51-e0c9-4341-8141-d950512ab81b to S3 bucket
WARNING:root:added object widgets/Henry Hops/99f68e47-42f1-4de6-9b58-d6fdd5b30d29 to S3 bucket
WARNING:root:added object widgets/Sue Smith/d9156a98-aa65-467f-8ee7-818700c1882e to S3 bucket
WARNING:root:added object widgets/Sue Smith/69aaedb6-d795-4a34-b919-dff4abe4baeb to S3 bucket
WARNING:root:updated object widgets/Henry Hops/8b2c30b1-ad53-4529-b2f9-1429cc94dcd6 from S3 bucket
WARNING:root:updated object widgets/Henry Hops/89845aef-be3c-4656-b39d-2f6845ac55c1 from S3 bucket
WARNING:root:updated object widgets/Henry Hops/3bccc801-9d94-471e-9795-21f3d783ee4b from S3 bucket
WARNING:root:added object widgets/Mary Matthews/01eb874e-09ba-476d-9ba7-4cc99596d9f7 to S3 bucket
WARNING:root:added object widgets/Henry Hops/5a778d43-d5da-4c3f-890c-01b5dd9de13f to S3 bucket
WARNING:root:deleted object widgets/Sue Smith/5bab7020-e6c9-47f6-ad12-0f61271db52a from S3 bucket
WARNING:root:updated object widgets/John Jones/daf726e5-e4a0-4f86-bc22-c65768208fd0 from S3 bucket
WARNING:root:updated object widgets/Mary Matthews/b71c3142-0074-4b34-ad44-b8dab5441c6c from S3 bucket
WARNING:root:added object widgets/Mary Matthews/b71c3142-0074-4b34-ad44-b8dab5441c6c to S3 bucket
WARNING:root:added object widgets/Mary Matthews/4433b6eb-dfc4-4284-88f7-e4d2ab277852 to S3 bucket
WARNING:root:updated object widgets/Henry Hops/96105bf2-bc12-445f-b9b9-f260f4833530 from S3 bucket
WARNING:root:deleted object widgets/Sue Smith/dfe2dff8-3443-4564-9c81-2c8218805ec6 from S3 bucket
WARNING:root:updated object widgets/Henry Hops/1bb4a3eb-f78e-4d70-a1b7-57c3bbec74e9 from S3 bucket
